#
# There is insufficient memory for the Java Runtime Environment to continue.
# Native memory allocation (mmap) failed to map 65536 bytes for Failed to commit metaspace.
# Possible reasons:
#   The system is out of physical RAM or swap space
#   The process is running with CompressedOops enabled, and the Java Heap may be blocking the growth of the native heap
# Possible solutions:
#   Reduce memory load on the system
#   Increase physical memory or swap space
#   Check if swap backing store is full
#   Decrease Java heap size (-Xmx/-Xms)
#   Decrease number of Java threads
#   Decrease Java thread stack sizes (-Xss)
#   Set larger code cache with -XX:ReservedCodeCacheSize=
#   JVM is running with Unscaled Compressed Oops mode in which the Java heap is
#     placed in the first 4GB address space. The Java Heap base address is the
#     maximum limit for the native heap growth. Please use -XX:HeapBaseMinAddress
#     to set the Java Heap base and to place the Java Heap above 4GB virtual address.
# This output file may be truncated or incomplete.
#
#  Out of Memory Error (virtualSpaceNode.cpp:110), pid=10128, tid=9608
#
# JRE version: Java(TM) SE Runtime Environment (18.0.2.1+1) (build 18.0.2.1+1-1)
# Java VM: Java HotSpot(TM) 64-Bit Server VM (18.0.2.1+1-1, mixed mode, sharing, tiered, compressed oops, compressed class ptrs, g1 gc, windows-amd64)
# No core dump will be written. Minidumps are not enabled by default on client versions of Windows
#

---------------  S U M M A R Y ------------

Command Line: -Dfile.encoding=UTF-8 -XX:+ShowCodeDetailsInExceptionMessages Latihan02

Host: AMD Ryzen 3 3250U with Radeon Graphics         , 4 cores, 5G,  Windows 11 , 64 bit Build 22000 (10.0.22000.708)
Time: Wed Sep 28 07:41:49 2022 SE Asia Standard Time elapsed time: 0.356311 seconds (0d 0h 0m 0s)

---------------  T H R E A D  ---------------

Current thread (0x0000020031a040e0):  JavaThread "main" [_thread_in_vm, id=9608, stack(0x0000000100600000,0x0000000100700000)]

Stack: [0x0000000100600000,0x0000000100700000]
Native frames: (J=compiled Java code, j=interpreted, Vv=VM code, C=native code)
V  [jvm.dll+0x6993aa]
V  [jvm.dll+0x7f46dd]
V  [jvm.dll+0x7f5fee]
V  [jvm.dll+0x7f66a3]
V  [jvm.dll+0x25cf1f]
V  [jvm.dll+0x7f03eb]
V  [jvm.dll+0x63f526]
V  [jvm.dll+0x1d75ce]
V  [jvm.dll+0x641ecb]
V  [jvm.dll+0x641cce]
V  [jvm.dll+0x63feee]
V  [jvm.dll+0x25a93c]
V  [jvm.dll+0x6ee6dd]
V  [jvm.dll+0x6ef10f]
V  [jvm.dll+0x392a99]
V  [jvm.dll+0x392926]
V  [jvm.dll+0x391c04]
V  [jvm.dll+0x391ba8]
V  [jvm.dll+0x3a141a]
C  0x000002003935b80d

Java frames: (J=compiled Java code, j=interpreted, Vv=VM code)
j  sun.awt.Win32FontManager.createFontConfiguration()Lsun/awt/FontConfiguration;+0 java.desktop@18.0.2.1
j  sun.font.SunFontManager$2.run()Ljava/lang/Void;+206 java.desktop@18.0.2.1
j  sun.font.SunFontManager$2.run()Ljava/lang/Object;+1 java.desktop@18.0.2.1
j  java.security.AccessController.executePrivileged(Ljava/security/PrivilegedAction;Ljava/security/AccessControlContext;Ljava/lang/Class;)Ljava/lang/Object;+29 java.base@18.0.2.1
j  java.security.AccessController.doPrivileged(Ljava/security/PrivilegedAction;)Ljava/lang/Object;+5 java.base@18.0.2.1
j  sun.font.SunFontManager.<init>()V+208 java.desktop@18.0.2.1
j  sun.awt.Win32FontManager.<init>()V+1 java.desktop@18.0.2.1
j  sun.font.PlatformFontInfo.createFontManager()Lsun/font/FontManager;+4 java.desktop@18.0.2.1
j  sun.font.FontManagerFactory.getInstance()Lsun/font/FontManager;+21 java.desktop@18.0.2.1
j  sun.font.SunFontManager.getInstance()Lsun/font/SunFontManager;+0 java.desktop@18.0.2.1
j  sun.font.FontDesignMetrics.getMetrics(Ljava/awt/Font;Ljava/awt/font/FontRenderContext;)Lsun/font/FontDesignMetrics;+0 java.desktop@18.0.2.1
j  sun.swing.SwingUtilities2.getFontMetrics(Ljavax/swing/JComponent;Ljava/awt/Font;)Ljava/awt/FontMetrics;+15 java.desktop@18.0.2.1
j  javax.swing.JComponent.getFontMetrics(Ljava/awt/Font;)Ljava/awt/FontMetrics;+2 java.desktop@18.0.2.1
j  javax.swing.plaf.basic.BasicGraphicsUtils.getPreferredButtonSize(Ljavax/swing/AbstractButton;I)Ljava/awt/Dimension;+28 java.desktop@18.0.2.1
j  javax.swing.plaf.basic.BasicButtonUI.getPreferredSize(Ljavax/swing/JComponent;)Ljava/awt/Dimension;+10 java.desktop@18.0.2.1
j  javax.swing.plaf.basic.BasicButtonUI.getMinimumSize(Ljavax/swing/JComponent;)Ljava/awt/Dimension;+2 java.desktop@18.0.2.1
j  javax.swing.JComponent.getMinimumSize()Ljava/awt/Dimension;+26 java.desktop@18.0.2.1
j  javax.swing.plaf.basic.BasicOptionPaneUI.addButtonComponents(Ljava/awt/Container;[Ljava/lang/Object;I)V+244 java.desktop@18.0.2.1
j  javax.swing.plaf.basic.BasicOptionPaneUI.createButtonArea()Ljava/awt/Container;+109 java.desktop@18.0.2.1
j  javax.swing.plaf.basic.BasicOptionPaneUI.installComponents()V+35 java.desktop@18.0.2.1
j  javax.swing.plaf.basic.BasicOptionPaneUI.installUI(Ljavax/swing/JComponent;)V+24 java.desktop@18.0.2.1
j  javax.swing.JComponent.setUI(Ljavax/swing/plaf/ComponentUI;)V+52 java.desktop@18.0.2.1
j  javax.swing.JOptionPane.setUI(Ljavax/swing/plaf/OptionPaneUI;)V+10 java.desktop@18.0.2.1
j  javax.swing.JOptionPane.updateUI()V+8 java.desktop@18.0.2.1
j  javax.swing.JOptionPane.<init>(Ljava/lang/Object;IILjavax/swing/Icon;[Ljava/lang/Object;Ljava/lang/Object;)V+67 java.desktop@18.0.2.1
j  javax.swing.JOptionPane.showOptionDialog(Ljava/awt/Component;Ljava/lang/Object;Ljava/lang/String;IILjavax/swing/Icon;[Ljava/lang/Object;Ljava/lang/Object;)I+14 java.desktop@18.0.2.1
j  javax.swing.JOptionPane.showMessageDialog(Ljava/awt/Component;Ljava/lang/Object;Ljava/lang/String;ILjavax/swing/Icon;)V+9 java.desktop@18.0.2.1
j  Latihan02.main([Ljava/lang/String;)V+17
v  ~StubRoutines::call_stub

---------------  P R O C E S S  ---------------

Threads class SMR info:
_java_thread_list=0x0000020052671e20, length=16, elements={
0x0000020031a040e0, 0x000002004dfd8f80, 0x000002004dfd9920, 0x000002004dff6a10,
0x000002004dff73b0, 0x000002004dff7d50, 0x000002004dff86f0, 0x000002004dff93c0,
0x000002004e0610e0, 0x000002004e07fad0, 0x000002005249eec0, 0x00000200524a9630,
0x00000200526635d0, 0x0000020052663a90, 0x0000020052663f50, 0x000002005269a5f0
}

Java Threads: ( => current thread )
=>0x0000020031a040e0 JavaThread "main" [_thread_in_vm, id=9608, stack(0x0000000100600000,0x0000000100700000)]
  0x000002004dfd8f80 JavaThread "Reference Handler" daemon [_thread_blocked, id=13912, stack(0x0000000100d00000,0x0000000100e00000)]
  0x000002004dfd9920 JavaThread "Finalizer" daemon [_thread_blocked, id=26596, stack(0x0000000100e00000,0x0000000100f00000)]
  0x000002004dff6a10 JavaThread "Signal Dispatcher" daemon [_thread_blocked, id=4292, stack(0x0000000100f00000,0x0000000101000000)]
  0x000002004dff73b0 JavaThread "Attach Listener" daemon [_thread_blocked, id=19440, stack(0x0000000101000000,0x0000000101100000)]
  0x000002004dff7d50 JavaThread "Service Thread" daemon [_thread_blocked, id=25752, stack(0x0000000101100000,0x0000000101200000)]
  0x000002004dff86f0 JavaThread "Monitor Deflation Thread" daemon [_thread_blocked, id=17740, stack(0x0000000101200000,0x0000000101300000)]
  0x000002004dff93c0 JavaThread "C2 CompilerThread0" daemon [_thread_blocked, id=26988, stack(0x0000000101300000,0x0000000101400000)]
  0x000002004e0610e0 JavaThread "C1 CompilerThread0" daemon [_thread_blocked, id=26684, stack(0x0000000101400000,0x0000000101500000)]
  0x000002004e07fad0 JavaThread "Sweeper thread" daemon [_thread_blocked, id=872, stack(0x0000000101500000,0x0000000101600000)]
  0x000002005249eec0 JavaThread "Notification Thread" daemon [_thread_blocked, id=26484, stack(0x0000000101600000,0x0000000101700000)]
  0x00000200524a9630 JavaThread "Common-Cleaner" daemon [_thread_blocked, id=25576, stack(0x0000000101800000,0x0000000101900000)]
  0x00000200526635d0 JavaThread "Java2D Disposer" daemon [_thread_blocked, id=23904, stack(0x0000000101900000,0x0000000101a00000)]
  0x0000020052663a90 JavaThread "AWT-Shutdown" [_thread_blocked, id=16336, stack(0x0000000101a00000,0x0000000101b00000)]
  0x0000020052663f50 JavaThread "AWT-Windows" daemon [_thread_in_native, id=14264, stack(0x0000000101b00000,0x0000000101c00000)]
  0x000002005269a5f0 JavaThread "Image Fetcher 0" daemon [_thread_blocked, id=14308, stack(0x0000000101c00000,0x0000000101d00000)]

Other Threads:
  0x000002004dfd4710 VMThread "VM Thread" [stack: 0x0000000100c00000,0x0000000100d00000] [id=10416]
  0x00000200524a33a0 WatcherThread "VM Periodic Task Thread" [stack: 0x0000000101700000,0x0000000101800000] [id=12548]
  0x0000020031a54e80 WorkerThread "GC Thread#0" [stack: 0x0000000100700000,0x0000000100800000] [id=11288]
  0x0000020031a619f0 ConcurrentGCThread "G1 Main Marker" [stack: 0x0000000100800000,0x0000000100900000] [id=27856]
  0x0000020031a62db0 WorkerThread "G1 Conc#0" [stack: 0x0000000100900000,0x0000000100a00000] [id=1284]
  0x0000020031ace410 ConcurrentGCThread "G1 Refine#0" [stack: 0x0000000100a00000,0x0000000100b00000] [id=28136]
  0x0000020031acebc0 ConcurrentGCThread "G1 Service" [stack: 0x0000000100b00000,0x0000000100c00000] [id=7976]

Threads with active compile tasks:

VM state: not at safepoint (normal execution)

VM Mutex/Monitor currently owned by a thread:  ([mutex/lock_event])
[0x00000200319fd2f0] Metaspace_lock - owner thread: 0x0000020031a040e0

Heap address: 0x00000000a1e00000, size: 1506 MB, Compressed Oops mode: 32-bit

CDS archive(s) mapped at: [0x0000000800000000-0x0000000800ba0000-0x0000000800ba0000), size 12189696, SharedBaseAddress: 0x0000000800000000, ArchiveRelocationMode: 0.
Compressed class space mapped at: 0x0000000800c00000-0x0000000840c00000, reserved size: 1073741824
Narrow klass base: 0x0000000800000000, Narrow klass shift: 0, Narrow klass range: 0x100000000

GC Precious Log:
 CardTable entry size: 512
 Card Set container configuration: InlinePtr #cards 5 size 8 Array Of Cards #cards 12 size 40 Howl #buckets 4 coarsen threshold 1843 Howl Bitmap #cards 512 size 80 coarsen threshold 460 Card regions per heap region 1 cards per card region 2048
 CPUs: 4 total, 4 available
 Memory: 6023M
 Large Page Support: Disabled
 NUMA Support: Disabled
 Compressed Oops: Enabled (32-bit)
 Heap Region Size: 1M
 Heap Min Capacity: 8M
 Heap Initial Capacity: 96M
 Heap Max Capacity: 1506M
 Pre-touch: Disabled
 Parallel Workers: 4
 Concurrent Workers: 1
 Concurrent Refinement Workers: 4
 Periodic GC: Disabled

Heap:
 garbage-first heap   total 98304K, used 4096K [0x00000000a1e00000, 0x0000000100000000)
  region size 1024K, 5 young (5120K), 0 survivors (0K)
 Metaspace       used 4636K, committed 4736K, reserved 1114112K
  class space    used 473K, committed 512K, reserved 1048576K

Heap Regions: E=young(eden), S=young(survivor), O=old, HS=humongous(starts), HC=humongous(continues), CS=collection set, F=free, OA=open archive, CA=closed archive, TAMS=top-at-mark-start (previous, next)
|   0|0x00000000a1e00000, 0x00000000a1e00000, 0x00000000a1f00000|  0%| F|  |TAMS 0x00000000a1e00000, 0x00000000a1e00000| Untracked 
|   1|0x00000000a1f00000, 0x00000000a1f00000, 0x00000000a2000000|  0%| F|  |TAMS 0x00000000a1f00000, 0x00000000a1f00000| Untracked 
|   2|0x00000000a2000000, 0x00000000a2000000, 0x00000000a2100000|  0%| F|  |TAMS 0x00000000a2000000, 0x00000000a2000000| Untracked 
|   3|0x00000000a2100000, 0x00000000a2100000, 0x00000000a2200000|  0%| F|  |TAMS 0x00000000a2100000, 0x00000000a2100000| Untracked 
|   4|0x00000000a2200000, 0x00000000a2200000, 0x00000000a2300000|  0%| F|  |TAMS 0x00000000a2200000, 0x00000000a2200000| Untracked 
|   5|0x00000000a2300000, 0x00000000a2300000, 0x00000000a2400000|  0%| F|  |TAMS 0x00000000a2300000, 0x00000000a2300000| Untracked 
|   6|0x00000000a2400000, 0x00000000a2400000, 0x00000000a2500000|  0%| F|  |TAMS 0x00000000a2400000, 0x00000000a2400000| Untracked 
|   7|0x00000000a2500000, 0x00000000a2500000, 0x00000000a2600000|  0%| F|  |TAMS 0x00000000a2500000, 0x00000000a2500000| Untracked 
|   8|0x00000000a2600000, 0x00000000a2600000, 0x00000000a2700000|  0%| F|  |TAMS 0x00000000a2600000, 0x00000000a2600000| Untracked 
|   9|0x00000000a2700000, 0x00000000a2700000, 0x00000000a2800000|  0%| F|  |TAMS 0x00000000a2700000, 0x00000000a2700000| Untracked 
|  10|0x00000000a2800000, 0x00000000a2800000, 0x00000000a2900000|  0%| F|  |TAMS 0x00000000a2800000, 0x00000000a2800000| Untracked 
|  11|0x00000000a2900000, 0x00000000a2900000, 0x00000000a2a00000|  0%| F|  |TAMS 0x00000000a2900000, 0x00000000a2900000| Untracked 
|  12|0x00000000a2a00000, 0x00000000a2a00000, 0x00000000a2b00000|  0%| F|  |TAMS 0x00000000a2a00000, 0x00000000a2a00000| Untracked 
|  13|0x00000000a2b00000, 0x00000000a2b00000, 0x00000000a2c00000|  0%| F|  |TAMS 0x00000000a2b00000, 0x00000000a2b00000| Untracked 
|  14|0x00000000a2c00000, 0x00000000a2c00000, 0x00000000a2d00000|  0%| F|  |TAMS 0x00000000a2c00000, 0x00000000a2c00000| Untracked 
|  15|0x00000000a2d00000, 0x00000000a2d00000, 0x00000000a2e00000|  0%| F|  |TAMS 0x00000000a2d00000, 0x00000000a2d00000| Untracked 
|  16|0x00000000a2e00000, 0x00000000a2e00000, 0x00000000a2f00000|  0%| F|  |TAMS 0x00000000a2e00000, 0x00000000a2e00000| Untracked 
|  17|0x00000000a2f00000, 0x00000000a2f00000, 0x00000000a3000000|  0%| F|  |TAMS 0x00000000a2f00000, 0x00000000a2f00000| Untracked 
|  18|0x00000000a3000000, 0x00000000a3000000, 0x00000000a3100000|  0%| F|  |TAMS 0x00000000a3000000, 0x00000000a3000000| Untracked 
|  19|0x00000000a3100000, 0x00000000a3100000, 0x00000000a3200000|  0%| F|  |TAMS 0x00000000a3100000, 0x00000000a3100000| Untracked 
|  20|0x00000000a3200000, 0x00000000a3200000, 0x00000000a3300000|  0%| F|  |TAMS 0x00000000a3200000, 0x00000000a3200000| Untracked 
|  21|0x00000000a3300000, 0x00000000a3300000, 0x00000000a3400000|  0%| F|  |TAMS 0x00000000a3300000, 0x00000000a3300000| Untracked 
|  22|0x00000000a3400000, 0x00000000a3400000, 0x00000000a3500000|  0%| F|  |TAMS 0x00000000a3400000, 0x00000000a3400000| Untracked 
|  23|0x00000000a3500000, 0x00000000a3500000, 0x00000000a3600000|  0%| F|  |TAMS 0x00000000a3500000, 0x00000000a3500000| Untracked 
|  24|0x00000000a3600000, 0x00000000a3600000, 0x00000000a3700000|  0%| F|  |TAMS 0x00000000a3600000, 0x00000000a3600000| Untracked 
|  25|0x00000000a3700000, 0x00000000a3700000, 0x00000000a3800000|  0%| F|  |TAMS 0x00000000a3700000, 0x00000000a3700000| Untracked 
|  26|0x00000000a3800000, 0x00000000a3800000, 0x00000000a3900000|  0%| F|  |TAMS 0x00000000a3800000, 0x00000000a3800000| Untracked 
|  27|0x00000000a3900000, 0x00000000a3900000, 0x00000000a3a00000|  0%| F|  |TAMS 0x00000000a3900000, 0x00000000a3900000| Untracked 
|  28|0x00000000a3a00000, 0x00000000a3a00000, 0x00000000a3b00000|  0%| F|  |TAMS 0x00000000a3a00000, 0x00000000a3a00000| Untracked 
|  29|0x00000000a3b00000, 0x00000000a3b00000, 0x00000000a3c00000|  0%| F|  |TAMS 0x00000000a3b00000, 0x00000000a3b00000| Untracked 
|  30|0x00000000a3c00000, 0x00000000a3c00000, 0x00000000a3d00000|  0%| F|  |TAMS 0x00000000a3c00000, 0x00000000a3c00000| Untracked 
|  31|0x00000000a3d00000, 0x00000000a3d00000, 0x00000000a3e00000|  0%| F|  |TAMS 0x00000000a3d00000, 0x00000000a3d00000| Untracked 
|  32|0x00000000a3e00000, 0x00000000a3e00000, 0x00000000a3f00000|  0%| F|  |TAMS 0x00000000a3e00000, 0x00000000a3e00000| Untracked 
|  33|0x00000000a3f00000, 0x00000000a3f00000, 0x00000000a4000000|  0%| F|  |TAMS 0x00000000a3f00000, 0x00000000a3f00000| Untracked 
|  34|0x00000000a4000000, 0x00000000a4000000, 0x00000000a4100000|  0%| F|  |TAMS 0x00000000a4000000, 0x00000000a4000000| Untracked 
|  35|0x00000000a4100000, 0x00000000a4100000, 0x00000000a4200000|  0%| F|  |TAMS 0x00000000a4100000, 0x00000000a4100000| Untracked 
|  36|0x00000000a4200000, 0x00000000a4200000, 0x00000000a4300000|  0%| F|  |TAMS 0x00000000a4200000, 0x00000000a4200000| Untracked 
|  37|0x00000000a4300000, 0x00000000a4300000, 0x00000000a4400000|  0%| F|  |TAMS 0x00000000a4300000, 0x00000000a4300000| Untracked 
|  38|0x00000000a4400000, 0x00000000a4400000, 0x00000000a4500000|  0%| F|  |TAMS 0x00000000a4400000, 0x00000000a4400000| Untracked 
|  39|0x00000000a4500000, 0x00000000a4500000, 0x00000000a4600000|  0%| F|  |TAMS 0x00000000a4500000, 0x00000000a4500000| Untracked 
|  40|0x00000000a4600000, 0x00000000a4600000, 0x00000000a4700000|  0%| F|  |TAMS 0x00000000a4600000, 0x00000000a4600000| Untracked 
|  41|0x00000000a4700000, 0x00000000a4700000, 0x00000000a4800000|  0%| F|  |TAMS 0x00000000a4700000, 0x00000000a4700000| Untracked 
|  42|0x00000000a4800000, 0x00000000a4800000, 0x00000000a4900000|  0%| F|  |TAMS 0x00000000a4800000, 0x00000000a4800000| Untracked 
|  43|0x00000000a4900000, 0x00000000a4900000, 0x00000000a4a00000|  0%| F|  |TAMS 0x00000000a4900000, 0x00000000a4900000| Untracked 
|  44|0x00000000a4a00000, 0x00000000a4a00000, 0x00000000a4b00000|  0%| F|  |TAMS 0x00000000a4a00000, 0x00000000a4a00000| Untracked 
|  45|0x00000000a4b00000, 0x00000000a4b00000, 0x00000000a4c00000|  0%| F|  |TAMS 0x00000000a4b00000, 0x00000000a4b00000| Untracked 
|  46|0x00000000a4c00000, 0x00000000a4c00000, 0x00000000a4d00000|  0%| F|  |TAMS 0x00000000a4c00000, 0x00000000a4c00000| Untracked 
|  47|0x00000000a4d00000, 0x00000000a4d00000, 0x00000000a4e00000|  0%| F|  |TAMS 0x00000000a4d00000, 0x00000000a4d00000| Untracked 
|  48|0x00000000a4e00000, 0x00000000a4e00000, 0x00000000a4f00000|  0%| F|  |TAMS 0x00000000a4e00000, 0x00000000a4e00000| Untracked 
|  49|0x00000000a4f00000, 0x00000000a4f00000, 0x00000000a5000000|  0%| F|  |TAMS 0x00000000a4f00000, 0x00000000a4f00000| Untracked 
|  50|0x00000000a5000000, 0x00000000a5000000, 0x00000000a5100000|  0%| F|  |TAMS 0x00000000a5000000, 0x00000000a5000000| Untracked 
|  51|0x00000000a5100000, 0x00000000a5100000, 0x00000000a5200000|  0%| F|  |TAMS 0x00000000a5100000, 0x00000000a5100000| Untracked 
|  52|0x00000000a5200000, 0x00000000a5200000, 0x00000000a5300000|  0%| F|  |TAMS 0x00000000a5200000, 0x00000000a5200000| Untracked 
|  53|0x00000000a5300000, 0x00000000a5300000, 0x00000000a5400000|  0%| F|  |TAMS 0x00000000a5300000, 0x00000000a5300000| Untracked 
|  54|0x00000000a5400000, 0x00000000a5400000, 0x00000000a5500000|  0%| F|  |TAMS 0x00000000a5400000, 0x00000000a5400000| Untracked 
|  55|0x00000000a5500000, 0x00000000a5500000, 0x00000000a5600000|  0%| F|  |TAMS 0x00000000a5500000, 0x00000000a5500000| Untracked 
|  56|0x00000000a5600000, 0x00000000a5600000, 0x00000000a5700000|  0%| F|  |TAMS 0x00000000a5600000, 0x00000000a5600000| Untracked 
|  57|0x00000000a5700000, 0x00000000a5700000, 0x00000000a5800000|  0%| F|  |TAMS 0x00000000a5700000, 0x00000000a5700000| Untracked 
|  58|0x00000000a5800000, 0x00000000a5800000, 0x00000000a5900000|  0%| F|  |TAMS 0x00000000a5800000, 0x00000000a5800000| Untracked 
|  59|0x00000000a5900000, 0x00000000a5900000, 0x00000000a5a00000|  0%| F|  |TAMS 0x00000000a5900000, 0x00000000a5900000| Untracked 
|  60|0x00000000a5a00000, 0x00000000a5a00000, 0x00000000a5b00000|  0%| F|  |TAMS 0x00000000a5a00000, 0x00000000a5a00000| Untracked 
|  61|0x00000000a5b00000, 0x00000000a5b00000, 0x00000000a5c00000|  0%| F|  |TAMS 0x00000000a5b00000, 0x00000000a5b00000| Untracked 
|  62|0x00000000a5c00000, 0x00000000a5c00000, 0x00000000a5d00000|  0%| F|  |TAMS 0x00000000a5c00000, 0x00000000a5c00000| Untracked 
|  63|0x00000000a5d00000, 0x00000000a5d00000, 0x00000000a5e00000|  0%| F|  |TAMS 0x00000000a5d00000, 0x00000000a5d00000| Untracked 
|  64|0x00000000a5e00000, 0x00000000a5e00000, 0x00000000a5f00000|  0%| F|  |TAMS 0x00000000a5e00000, 0x00000000a5e00000| Untracked 
|  65|0x00000000a5f00000, 0x00000000a5f00000, 0x00000000a6000000|  0%| F|  |TAMS 0x00000000a5f00000, 0x00000000a5f00000| Untracked 
|  66|0x00000000a6000000, 0x00000000a6000000, 0x00000000a6100000|  0%| F|  |TAMS 0x00000000a6000000, 0x00000000a6000000| Untracked 
|  67|0x00000000a6100000, 0x00000000a6100000, 0x00000000a6200000|  0%| F|  |TAMS 0x00000000a6100000, 0x00000000a6100000| Untracked 
|  68|0x00000000a6200000, 0x00000000a6200000, 0x00000000a6300000|  0%| F|  |TAMS 0x00000000a6200000, 0x00000000a6200000| Untracked 
|  69|0x00000000a6300000, 0x00000000a6300000, 0x00000000a6400000|  0%| F|  |TAMS 0x00000000a6300000, 0x00000000a6300000| Untracked 
|  70|0x00000000a6400000, 0x00000000a6400000, 0x00000000a6500000|  0%| F|  |TAMS 0x00000000a6400000, 0x00000000a6400000| Untracked 
|  71|0x00000000a6500000, 0x00000000a6500000, 0x00000000a6600000|  0%| F|  |TAMS 0x00000000a6500000, 0x00000000a6500000| Untracked 
|  72|0x00000000a6600000, 0x00000000a6600000, 0x00000000a6700000|  0%| F|  |TAMS 0x00000000a6600000, 0x00000000a6600000| Untracked 
|  73|0x00000000a6700000, 0x00000000a6700000, 0x00000000a6800000|  0%| F|  |TAMS 0x00000000a6700000, 0x00000000a6700000| Untracked 
|  74|0x00000000a6800000, 0x00000000a6800000, 0x00000000a6900000|  0%| F|  |TAMS 0x00000000a6800000, 0x00000000a6800000| Untracked 
|  75|0x00000000a6900000, 0x00000000a6900000, 0x00000000a6a00000|  0%| F|  |TAMS 0x00000000a6900000, 0x00000000a6900000| Untracked 
|  76|0x00000000a6a00000, 0x00000000a6a00000, 0x00000000a6b00000|  0%| F|  |TAMS 0x00000000a6a00000, 0x00000000a6a00000| Untracked 
|  77|0x00000000a6b00000, 0x00000000a6b00000, 0x00000000a6c00000|  0%| F|  |TAMS 0x00000000a6b00000, 0x00000000a6b00000| Untracked 
|  78|0x00000000a6c00000, 0x00000000a6c00000, 0x00000000a6d00000|  0%| F|  |TAMS 0x00000000a6c00000, 0x00000000a6c00000| Untracked 
|  79|0x00000000a6d00000, 0x00000000a6d00000, 0x00000000a6e00000|  0%| F|  |TAMS 0x00000000a6d00000, 0x00000000a6d00000| Untracked 
|  80|0x00000000a6e00000, 0x00000000a6e00000, 0x00000000a6f00000|  0%| F|  |TAMS 0x00000000a6e00000, 0x00000000a6e00000| Untracked 
|  81|0x00000000a6f00000, 0x00000000a6f00000, 0x00000000a7000000|  0%| F|  |TAMS 0x00000000a6f00000, 0x00000000a6f00000| Untracked 
|  82|0x00000000a7000000, 0x00000000a7000000, 0x00000000a7100000|  0%| F|  |TAMS 0x00000000a7000000, 0x00000000a7000000| Untracked 
|  83|0x00000000a7100000, 0x00000000a7100000, 0x00000000a7200000|  0%| F|  |TAMS 0x00000000a7100000, 0x00000000a7100000| Untracked 
|  84|0x00000000a7200000, 0x00000000a7200000, 0x00000000a7300000|  0%| F|  |TAMS 0x00000000a7200000, 0x00000000a7200000| Untracked 
|  85|0x00000000a7300000, 0x00000000a7300000, 0x00000000a7400000|  0%| F|  |TAMS 0x00000000a7300000, 0x00000000a7300000| Untracked 
|  86|0x00000000a7400000, 0x00000000a7400000, 0x00000000a7500000|  0%| F|  |TAMS 0x00000000a7400000, 0x00000000a7400000| Untracked 
|  87|0x00000000a7500000, 0x00000000a7500000, 0x00000000a7600000|  0%| F|  |TAMS 0x00000000a7500000, 0x00000000a7500000| Untracked 
|  88|0x00000000a7600000, 0x00000000a7600000, 0x00000000a7700000|  0%| F|  |TAMS 0x00000000a7600000, 0x00000000a7600000| Untracked 
|  89|0x00000000a7700000, 0x00000000a7700000, 0x00000000a7800000|  0%| F|  |TAMS 0x00000000a7700000, 0x00000000a7700000| Untracked 
|  90|0x00000000a7800000, 0x00000000a7800000, 0x00000000a7900000|  0%| F|  |TAMS 0x00000000a7800000, 0x00000000a7800000| Untracked 
|  91|0x00000000a7900000, 0x00000000a7943140, 0x00000000a7a00000| 26%| E|  |TAMS 0x00000000a7900000, 0x00000000a7900000| Complete 
|  92|0x00000000a7a00000, 0x00000000a7b00000, 0x00000000a7b00000|100%| E|CS|TAMS 0x00000000a7a00000, 0x00000000a7a00000| Complete 
|  93|0x00000000a7b00000, 0x00000000a7c00000, 0x00000000a7c00000|100%| E|CS|TAMS 0x00000000a7b00000, 0x00000000a7b00000| Complete 
|  94|0x00000000a7c00000, 0x00000000a7d00000, 0x00000000a7d00000|100%| E|CS|TAMS 0x00000000a7c00000, 0x00000000a7c00000| Complete 
|  95|0x00000000a7d00000, 0x00000000a7e00000, 0x00000000a7e00000|100%| E|CS|TAMS 0x00000000a7d00000, 0x00000000a7d00000| Complete 

Card table byte_map: [0x0000020048640000,0x0000020048940000] _byte_map_base: 0x0000020048131000

Marking Bits (Prev, Next): (CMBitMap*) 0x0000020031a55480, (CMBitMap*) 0x0000020031a554c0
 Prev Bits: [0x0000020048c40000, 0x000002004a3c8000)
 Next Bits: [0x000002004a3d0000, 0x000002004bb58000)

Polling page: 0x00000200311d0000

Metaspace:

Usage:
  Non-class:      4.07 MB used.
      Class:    473.41 KB used.
       Both:      4.53 MB used.

Virtual space:
  Non-class space:       64.00 MB reserved,       4.12 MB (  6%) committed,  1 nodes.
      Class space:        1.00 GB reserved,     512.00 KB ( <1%) committed,  1 nodes.
             Both:        1.06 GB reserved,       4.62 MB ( <1%) committed. 

Chunk freelists:
   Non-Class:  2.90 MB
       Class:  3.50 MB
        Both:  6.40 MB

MaxMetaspaceSize: unlimited
CompressedClassSpaceSize: 1.00 GB
Initial GC threshold: 21.00 MB
Current GC threshold: 21.00 MB
CDS: on
MetaspaceReclaimPolicy: balanced
 - commit_granule_bytes: 65536.
 - commit_granule_words: 8192.
 - virtual_space_node_default_size: 8388608.
 - enlarge_chunks_in_place: 1.
 - new_chunks_are_fully_committed: 0.
 - uncommit_free_chunks: 1.
 - use_allocation_guard: 0.


Internal statistics:

num_allocs_failed_limit: 0.
num_arena_births: 104.
num_arena_deaths: 0.
num_vsnodes_births: 2.
num_vsnodes_deaths: 0.
num_space_committed: 74.
num_space_uncommitted: 0.
num_chunks_returned_to_freelist: 0.
num_chunks_taken_from_freelist: 139.
num_chunk_merges: 0.
num_chunk_splits: 78.
num_chunks_enlarged: 20.
num_inconsistent_stats: 0.

CodeHeap 'non-profiled nmethods': size=120000Kb used=131Kb max_used=131Kb free=119869Kb
 bounds [0x0000020040e10000, 0x0000020041080000, 0x0000020048340000]
CodeHeap 'profiled nmethods': size=120000Kb used=673Kb max_used=673Kb free=119326Kb
 bounds [0x00000200398e0000, 0x0000020039b50000, 0x0000020040e10000]
CodeHeap 'non-nmethods': size=5760Kb used=1212Kb max_used=1214Kb free=4547Kb
 bounds [0x0000020039340000, 0x00000200395b0000, 0x00000200398e0000]
 total_blobs=981 nmethods=469 adapters=425
 compilation: enabled
              stopped_count=0, restarted_count=0
 full_count=0

Compilation events (20 events):
Event: 0.336 Thread 0x000002004e0610e0  456       3       java.lang.invoke.LambdaFormEditor$TransformKey::bval (26 bytes)
Event: 0.336 Thread 0x000002004e0610e0 nmethod 456 0x0000020039985990 code [0x0000020039985b20, 0x0000020039985c18]
Event: 0.338 Thread 0x000002004e0610e0  457       3       java.lang.invoke.MethodType::parameterSlotCount (8 bytes)
Event: 0.338 Thread 0x000002004e0610e0 nmethod 457 0x0000020039985c90 code [0x0000020039985e20, 0x0000020039985f58]
Event: 0.341 Thread 0x000002004e0610e0  460       3       java.lang.invoke.LambdaForm::useCount (61 bytes)
Event: 0.342 Thread 0x000002004e0610e0 nmethod 460 0x0000020039986010 code [0x00000200399861e0, 0x0000020039986548]
Event: 0.342 Thread 0x000002004e0610e0  461       1       java.beans.PropertyChangeEvent::getOldValue (5 bytes)
Event: 0.342 Thread 0x000002004e0610e0 nmethod 461 0x0000020040e2fd10 code [0x0000020040e2fea0, 0x0000020040e2ff78]
Event: 0.342 Thread 0x000002004e0610e0  462       1       java.beans.PropertyChangeEvent::getNewValue (5 bytes)
Event: 0.342 Thread 0x000002004e0610e0 nmethod 462 0x0000020040e30010 code [0x0000020040e301a0, 0x0000020040e30278]
Event: 0.346 Thread 0x000002004e0610e0  463       3       jdk.internal.misc.Unsafe::putReferenceRelease (9 bytes)
Event: 0.347 Thread 0x000002004e0610e0 nmethod 463 0x0000020039986710 code [0x00000200399868a0, 0x00000200399869f8]
Event: 0.347 Thread 0x000002004e0610e0  465       3       java.util.concurrent.ConcurrentHashMap::setTabAt (20 bytes)
Event: 0.347 Thread 0x000002004e0610e0 nmethod 465 0x0000020039986a90 code [0x0000020039986c40, 0x0000020039986e68]
Event: 0.351 Thread 0x000002004e0610e0  466       3       java.lang.StringConcatHelper::mix (27 bytes)
Event: 0.352 Thread 0x000002004e0610e0 nmethod 466 0x0000020039986f10 code [0x00000200399870e0, 0x0000020039987508]
Event: 0.353 Thread 0x000002004e0610e0  468       3       java.util.ArrayList::add (25 bytes)
Event: 0.353 Thread 0x000002004e0610e0 nmethod 468 0x0000020039987710 code [0x00000200399878e0, 0x0000020039987d08]
Event: 0.353 Thread 0x000002004e0610e0  469       3       java.util.ArrayList::add (23 bytes)
Event: 0.353 Thread 0x000002004e0610e0 nmethod 469 0x0000020039987f10 code [0x00000200399880e0, 0x00000200399884a8]

GC Heap History (0 events):
No events

Deoptimization events (0 events):
No events

Classes loaded (20 events):
Event: 0.351 Loading class sun/font/StrikeCache$1
Event: 0.351 Loading class sun/font/StrikeCache$1 done
Event: 0.351 Loading class sun/font/GlyphList
Event: 0.351 Loading class sun/font/GlyphList done
Event: 0.352 Loading class sun/font/FontManagerFactory
Event: 0.352 Loading class sun/font/FontManagerFactory done
Event: 0.352 Loading class sun/font/PlatformFontInfo
Event: 0.352 Loading class sun/font/PlatformFontInfo done
Event: 0.352 Loading class sun/awt/Win32FontManager
Event: 0.352 Loading class sun/awt/Win32FontManager done
Event: 0.352 Loading class sun/awt/Win32FontManager$1
Event: 0.352 Loading class sun/awt/Win32FontManager$1 done
Event: 0.352 Loading class sun/font/CompositeFont
Event: 0.352 Loading class sun/font/CompositeFont done
Event: 0.352 Loading class sun/font/SunFontManager$2
Event: 0.352 Loading class sun/font/SunFontManager$2 done
Event: 0.353 Loading class sun/awt/windows/WFontConfiguration
Event: 0.353 Loading class sun/awt/FontConfiguration
Event: 0.354 Loading class sun/awt/FontConfiguration done
Event: 0.354 Loading class sun/awt/windows/WFontConfiguration done

Classes unloaded (0 events):
No events

Classes redefined (0 events):
No events

Internal exceptions (11 events):
Event: 0.136 Thread 0x0000020031a040e0 Exception <a 'java/lang/ClassNotFoundException'{0x00000000a7c42740}: sun/awt/resources/spi/awtProvider> (0x00000000a7c42740) 
thrown [s\open\src\hotspot\share\classfile\systemDictionary.cpp, line 255]
Event: 0.166 Thread 0x0000020031a040e0 Exception <a 'java/io/FileNotFoundException'{0x00000000a7c98120}> (0x00000000a7c98120) 
thrown [s\open\src\hotspot\share\prims\jni.cpp, line 516]
Event: 0.174 Thread 0x0000020031a040e0 Exception <a 'java/io/FileNotFoundException'{0x00000000a7cc50e8}> (0x00000000a7cc50e8) 
thrown [s\open\src\hotspot\share\prims\jni.cpp, line 516]
Event: 0.207 Thread 0x0000020031a040e0 Exception <a 'java/lang/NoSuchMethodError'{0x00000000a7cf9818}: 'java.lang.Object java.lang.invoke.DirectMethodHandle$Holder.invokeStaticInit(java.lang.Object)'> (0x00000000a7cf9818) 
thrown [s\open\src\hotspot\share\interpreter\linkResolver.cpp, line 759]
Event: 0.237 Thread 0x000002005269a5f0 Exception <a 'java/lang/NoSuchMethodError'{0x00000000a7b91730}: 'java.lang.Object java.lang.invoke.DirectMethodHandle$Holder.newInvokeSpecial(java.lang.Object, java.lang.Object, java.lang.Object, int, int, int, int, int)'> (0x00000000a7b91730) 
thrown [s\open\src\hotspot\share\interpreter\linkResolver.cpp, line 759]
Event: 0.268 Thread 0x0000020031a040e0 Exception <a 'java/lang/NoSuchMethodError'{0x00000000a7b42998}: 'void java.lang.invoke.DirectMethodHandle$Holder.invokeSpecial(java.lang.Object, java.lang.Object, java.lang.Object)'> (0x00000000a7b42998) 
thrown [s\open\src\hotspot\share\interpreter\linkResolver.cpp, line 759]
Event: 0.278 Thread 0x0000020031a040e0 Exception <a 'java/lang/NoSuchMethodError'{0x00000000a7bf2da8}: 'java.lang.Object java.lang.invoke.DirectMethodHandle$Holder.newInvokeSpecial(java.lang.Object, java.lang.Object, java.lang.Object, java.lang.Object, java.lang.Object)'> (0x00000000a7bf2da8) 
thrown [s\open\src\hotspot\share\interpreter\linkResolver.cpp, line 759]
Event: 0.285 Thread 0x0000020031a040e0 Exception <a 'java/lang/NoSuchMethodError'{0x00000000a7a24de0}: 'java.lang.Object java.lang.invoke.DirectMethodHandle$Holder.invokeStatic(java.lang.Object, int, java.lang.Object)'> (0x00000000a7a24de0) 
thrown [s\open\src\hotspot\share\interpreter\linkResolver.cpp, line 759]
Event: 0.319 Thread 0x0000020031a040e0 Exception <a 'java/lang/ClassNotFoundException'{0x00000000a7ae4b18}: com/sun/swing/internal/plaf/metal/resources/spi/metalProvider> (0x00000000a7ae4b18) 
thrown [s\open\src\hotspot\share\classfile\systemDictionary.cpp, line 255]
Event: 0.321 Thread 0x0000020031a040e0 Exception <a 'java/lang/ClassNotFoundException'{0x00000000a7ae8938}: com/sun/swing/internal/plaf/basic/resources/spi/basicProvider> (0x00000000a7ae8938) 
thrown [s\open\src\hotspot\share\classfile\systemDictionary.cpp, line 255]
Event: 0.341 Thread 0x0000020031a040e0 Exception <a 'java/lang/NoSuchMethodError'{0x00000000a7911050}: 'int java.lang.invoke.Invokers$Holder.invokeExact_MT(java.lang.Object, java.lang.Object)'> (0x00000000a7911050) 
thrown [s\open\src\hotspot\share\interpreter\linkResolver.cpp, line 759]

VM Operations (4 events):
Event: 0.319 Executing VM operation: HandshakeAllThreads
Event: 0.319 Executing VM operation: HandshakeAllThreads done
Event: 0.335 Executing VM operation: HandshakeAllThreads
Event: 0.335 Executing VM operation: HandshakeAllThreads done

Events (20 events):
Event: 0.050 Thread 0x000002004dff6a10 Thread added: 0x000002004dff6a10
Event: 0.050 Thread 0x000002004dff73b0 Thread added: 0x000002004dff73b0
Event: 0.050 Thread 0x000002004dff7d50 Thread added: 0x000002004dff7d50
Event: 0.050 Thread 0x000002004dff86f0 Thread added: 0x000002004dff86f0
Event: 0.051 Thread 0x000002004dff93c0 Thread added: 0x000002004dff93c0
Event: 0.054 Thread 0x000002004e0610e0 Thread added: 0x000002004e0610e0
Event: 0.056 Thread 0x000002004e07fad0 Thread added: 0x000002004e07fad0
Event: 0.084 Thread 0x000002005249eec0 Thread added: 0x000002005249eec0
Event: 0.089 Thread 0x00000200524a9630 Thread added: 0x00000200524a9630
Event: 0.114 Loaded shared library C:\Program Files\Java\jdk-18.0.2.1\bin\jimage.dll
Event: 0.125 Loaded shared library C:\Program Files\Java\jdk-18.0.2.1\bin\net.dll
Event: 0.128 Loaded shared library C:\Program Files\Java\jdk-18.0.2.1\bin\nio.dll
Event: 0.151 Loaded shared library C:\Program Files\Java\jdk-18.0.2.1\bin\awt.dll
Event: 0.208 Thread 0x00000200526635d0 Thread added: 0x00000200526635d0
Event: 0.210 Thread 0x0000020052663a90 Thread added: 0x0000020052663a90
Event: 0.211 Thread 0x0000020052663f50 Thread added: 0x0000020052663f50
Event: 0.231 Thread 0x000002005269a5f0 Thread added: 0x000002005269a5f0
Event: 0.235 Loaded shared library C:\Program Files\Java\jdk-18.0.2.1\bin\javajpeg.dll
Event: 0.346 Loaded shared library C:\Program Files\Java\jdk-18.0.2.1\bin\freetype.dll
Event: 0.348 Loaded shared library C:\Program Files\Java\jdk-18.0.2.1\bin\fontmanager.dll


Dynamic libraries:
0x00007ff7f5f40000 - 0x00007ff7f5f50000 	C:\Program Files\Java\jdk-18.0.2.1\bin\javaw.exe
0x00007ffccb540000 - 0x00007ffccb749000 	C:\WINDOWS\SYSTEM32\ntdll.dll
0x00007ffcaad60000 - 0x00007ffcaad77000 	C:\Program Files\Avast Software\Avast\aswhook.dll
0x00007ffcc9860000 - 0x00007ffcc991d000 	C:\WINDOWS\System32\KERNEL32.DLL
0x00007ffcc8af0000 - 0x00007ffcc8e6c000 	C:\WINDOWS\System32\KERNELBASE.dll
0x00007ffcc9060000 - 0x00007ffcc9171000 	C:\WINDOWS\System32\ucrtbase.dll
0x00007ffcab510000 - 0x00007ffcab52a000 	C:\Program Files\Java\jdk-18.0.2.1\bin\VCRUNTIME140.dll
0x00007ffcaa1e0000 - 0x00007ffcaa1f8000 	C:\Program Files\Java\jdk-18.0.2.1\bin\jli.dll
0x00007ffcca2a0000 - 0x00007ffcca34e000 	C:\WINDOWS\System32\ADVAPI32.dll
0x00007ffcc9dc0000 - 0x00007ffcc9e63000 	C:\WINDOWS\System32\msvcrt.dll
0x00007ffccad30000 - 0x00007ffccadce000 	C:\WINDOWS\System32\sechost.dll
0x00007ffcc93d0000 - 0x00007ffcc94f0000 	C:\WINDOWS\System32\RPCRT4.dll
0x00007ffccadd0000 - 0x00007ffccaf7d000 	C:\WINDOWS\System32\USER32.dll
0x00007ffcc8a20000 - 0x00007ffcc8a46000 	C:\WINDOWS\System32\win32u.dll
0x00007ffccb060000 - 0x00007ffccb089000 	C:\WINDOWS\System32\GDI32.dll
0x00007ffcc92b0000 - 0x00007ffcc93c9000 	C:\WINDOWS\System32\gdi32full.dll
0x00007ffcc8a50000 - 0x00007ffcc8aed000 	C:\WINDOWS\System32\msvcp_win.dll
0x00007ffcb33f0000 - 0x00007ffcb3695000 	C:\WINDOWS\WinSxS\amd64_microsoft.windows.common-controls_6595b64144ccf1df_6.0.22000.120_none_9d947278b86cc467\COMCTL32.dll
0x00007ffcc0520000 - 0x00007ffcc052a000 	C:\WINDOWS\SYSTEM32\VERSION.dll
0x00007ffccac70000 - 0x00007ffccaca1000 	C:\WINDOWS\System32\IMM32.DLL
0x00007ffca9ee0000 - 0x00007ffca9eec000 	C:\Program Files\Java\jdk-18.0.2.1\bin\vcruntime140_1.dll
0x00007ffc8c300000 - 0x00007ffc8c38d000 	C:\Program Files\Java\jdk-18.0.2.1\bin\msvcp140.dll
0x00007ffc337f0000 - 0x00007ffc34401000 	C:\Program Files\Java\jdk-18.0.2.1\bin\server\jvm.dll
0x00007ffcc9920000 - 0x00007ffcc9928000 	C:\WINDOWS\System32\PSAPI.DLL
0x00007ffcaffc0000 - 0x00007ffcaffc9000 	C:\WINDOWS\SYSTEM32\WSOCK32.dll
0x00007ffcc2510000 - 0x00007ffcc2543000 	C:\WINDOWS\SYSTEM32\WINMM.dll
0x00007ffccacc0000 - 0x00007ffccad2f000 	C:\WINDOWS\System32\WS2_32.dll
0x00007ffcc7b10000 - 0x00007ffcc7b28000 	C:\WINDOWS\SYSTEM32\kernel.appcore.dll
0x00007ffcc4140000 - 0x00007ffcc414a000 	C:\Program Files\Java\jdk-18.0.2.1\bin\jimage.dll
0x00007ffcb4cb0000 - 0x00007ffcb4ed1000 	C:\WINDOWS\SYSTEM32\DBGHELP.DLL
0x00007ffcb33b0000 - 0x00007ffcb33e1000 	C:\WINDOWS\SYSTEM32\dbgcore.DLL
0x00007ffcc8e70000 - 0x00007ffcc8eef000 	C:\WINDOWS\System32\bcryptPrimitives.dll
0x00007ffca9fc0000 - 0x00007ffca9fe5000 	C:\Program Files\Java\jdk-18.0.2.1\bin\java.dll
0x00007ffc883c0000 - 0x00007ffc88496000 	C:\Program Files\Java\jdk-18.0.2.1\bin\jsvml.dll
0x00007ffcca350000 - 0x00007ffccab08000 	C:\WINDOWS\System32\SHELL32.dll
0x00007ffcc6b80000 - 0x00007ffcc73e8000 	C:\WINDOWS\SYSTEM32\windows.storage.dll
0x00007ffcc9e70000 - 0x00007ffcca1e9000 	C:\WINDOWS\System32\combase.dll
0x00007ffcc6a10000 - 0x00007ffcc6b76000 	C:\WINDOWS\SYSTEM32\wintypes.dll
0x00007ffcc9700000 - 0x00007ffcc97ea000 	C:\WINDOWS\System32\SHCORE.dll
0x00007ffcc97f0000 - 0x00007ffcc984d000 	C:\WINDOWS\System32\shlwapi.dll
0x00007ffcc8950000 - 0x00007ffcc8971000 	C:\WINDOWS\SYSTEM32\profapi.dll
0x00007ffcaa0e0000 - 0x00007ffcaa0f3000 	C:\Program Files\Java\jdk-18.0.2.1\bin\net.dll
0x00007ffcc15b0000 - 0x00007ffcc16bc000 	C:\WINDOWS\SYSTEM32\WINHTTP.dll
0x00007ffcc7f40000 - 0x00007ffcc7fa7000 	C:\WINDOWS\system32\mswsock.dll
0x00007ffca9fa0000 - 0x00007ffca9fb6000 	C:\Program Files\Java\jdk-18.0.2.1\bin\nio.dll
0x00007ffc86f30000 - 0x00007ffc870bf000 	C:\Program Files\Java\jdk-18.0.2.1\bin\awt.dll
0x00007ffcc9ce0000 - 0x00007ffcc9db6000 	C:\WINDOWS\System32\OLEAUT32.dll
0x00007ffcc5f90000 - 0x00007ffcc6021000 	C:\WINDOWS\SYSTEM32\apphelp.dll
0x00007ffcc6130000 - 0x00007ffcc61dc000 	C:\WINDOWS\system32\uxtheme.dll
0x00007ffcc9bc0000 - 0x00007ffcc9cde000 	C:\WINDOWS\System32\MSCTF.dll
0x00007ffcc9560000 - 0x00007ffcc96fa000 	C:\WINDOWS\System32\ole32.dll
0x00007ffc90970000 - 0x00007ffc9099d000 	C:\Program Files\Java\jdk-18.0.2.1\bin\javajpeg.dll
0x00007ffcc6420000 - 0x00007ffcc644f000 	C:\WINDOWS\system32\DWMAPI.DLL
0x00007ffc87940000 - 0x00007ffc879c6000 	C:\Program Files\Java\jdk-18.0.2.1\bin\freetype.dll
0x00007ffc87890000 - 0x00007ffc87938000 	C:\Program Files\Java\jdk-18.0.2.1\bin\fontmanager.dll

dbghelp: loaded successfully - version: 4.0.5 - missing functions: none
symbol engine: initialized successfully - sym options: 0x614 - pdb path: .;C:\Program Files\Java\jdk-18.0.2.1\bin;C:\WINDOWS\SYSTEM32;C:\Program Files\Avast Software\Avast;C:\WINDOWS\WinSxS\amd64_microsoft.windows.common-controls_6595b64144ccf1df_6.0.22000.120_none_9d947278b86cc467;C:\Program Files\Java\jdk-18.0.2.1\bin\server

VM Arguments:
jvm_args: -Dfile.encoding=UTF-8 -XX:+ShowCodeDetailsInExceptionMessages 
java_command: Latihan02
java_class_path (initial): C:\Users\melani\eclipse-workspace\Praktikum_02_Selection_Repetition\bin;C:\Users\melani\Downloads\swt-4.25-win32-win32-x86_64.zip
Launcher Type: SUN_STANDARD

[Global flags]
     intx CICompilerCount                          = 3                                         {product} {ergonomic}
     uint ConcGCThreads                            = 1                                         {product} {ergonomic}
     uint G1ConcRefinementThreads                  = 4                                         {product} {ergonomic}
   size_t G1HeapRegionSize                         = 1048576                                   {product} {ergonomic}
    uintx GCDrainStackTargetSize                   = 64                                        {product} {ergonomic}
   size_t InitialHeapSize                          = 100663296                                 {product} {ergonomic}
   size_t MarkStackSize                            = 4194304                                   {product} {ergonomic}
   size_t MaxHeapSize                              = 1579155456                                {product} {ergonomic}
   size_t MaxNewSize                               = 946864128                                 {product} {ergonomic}
   size_t MinHeapDeltaBytes                        = 1048576                                   {product} {ergonomic}
   size_t MinHeapSize                              = 8388608                                   {product} {ergonomic}
    uintx NonNMethodCodeHeapSize                   = 5832780                                {pd product} {ergonomic}
    uintx NonProfiledCodeHeapSize                  = 122912730                              {pd product} {ergonomic}
    uintx ProfiledCodeHeapSize                     = 122912730                              {pd product} {ergonomic}
    uintx ReservedCodeCacheSize                    = 251658240                              {pd product} {ergonomic}
     bool SegmentedCodeCache                       = true                                      {product} {ergonomic}
     bool ShowCodeDetailsInExceptionMessages       = true                                   {manageable} {command line}
   size_t SoftMaxHeapSize                          = 1579155456                             {manageable} {ergonomic}
     bool UseCompressedClassPointers               = true                           {product lp64_product} {ergonomic}
     bool UseCompressedOops                        = true                           {product lp64_product} {ergonomic}
     bool UseG1GC                                  = true                                      {product} {ergonomic}
     bool UseLargePagesIndividualAllocation        = false                                  {pd product} {ergonomic}

Logging:
Log output configuration:
 #0: stdout all=warning uptime,level,tags foldmultilines=false
 #1: stderr all=off uptime,level,tags foldmultilines=false

Environment Variables:
PATH=C:/Program Files/Java/jdk-18.0.2.1/bin/server;C:/Program Files/Java/jdk-18.0.2.1/bin;C:\Program Files\Common Files\Oracle\Java\javapath;C:\WINDOWS\system32;C:\WINDOWS;C:\WINDOWS\System32\Wbem;C:\WINDOWS\System32\WindowsPowerShell\v1.0\;C:\WINDOWS\System32\OpenSSH\;C:\Users\melani\AppData\Local\Microsoft\WindowsApps;C:\Users\melani\AppData\Local\Programs\Microsoft VS Code\bin;C:\Users\melani\AppData\Local\atom\bin;C:\Users\melani\OneDrive\Desktop;
USERNAME=melani
OS=Windows_NT
PROCESSOR_IDENTIFIER=AMD64 Family 23 Model 24 Stepping 1, AuthenticAMD



---------------  S Y S T E M  ---------------

OS:
 Windows 11 , 64 bit Build 22000 (10.0.22000.708)
OS uptime: 2 days 5:47 hours

CPU: total 4 (initial active 4) (4 cores per cpu, 2 threads per core) family 23 model 24 stepping 1 microcode 0x0, cx8, cmov, fxsr, ht, mmx, 3dnowpref, sse, sse2, sse3, ssse3, sse4a, sse4.1, sse4.2, popcnt, lzcnt, tsc, tscinvbit, avx, avx2, aes, clmul, bmi1, bmi2, adx, sha, fma, vzeroupper, clflush, clflushopt

Memory: 4k page, system-wide physical 6023M (399M free)
TotalPageFile size 24455M (AvailPageFile size 3M)
current process WorkingSet (physical memory assigned to process): 44M, peak: 44M
current process commit charge ("private bytes"): 175M, peak: 175M

vm_info: Java HotSpot(TM) 64-Bit Server VM (18.0.2.1+1-1) for windows-amd64 JRE (18.0.2.1+1-1), built on Aug 16 2022 01:46:33 by "mach5one" with MS VC++ 16.8 / 16.9 (VS2019)

END.
