#
# There is insufficient memory for the Java Runtime Environment to continue.
# Native memory allocation (mmap) failed to map 65536 bytes for Failed to commit metaspace.
# Possible reasons:
#   The system is out of physical RAM or swap space
#   The process is running with CompressedOops enabled, and the Java Heap may be blocking the growth of the native heap
# Possible solutions:
#   Reduce memory load on the system
#   Increase physical memory or swap space
#   Check if swap backing store is full
#   Decrease Java heap size (-Xmx/-Xms)
#   Decrease number of Java threads
#   Decrease Java thread stack sizes (-Xss)
#   Set larger code cache with -XX:ReservedCodeCacheSize=
#   JVM is running with Unscaled Compressed Oops mode in which the Java heap is
#     placed in the first 4GB address space. The Java Heap base address is the
#     maximum limit for the native heap growth. Please use -XX:HeapBaseMinAddress
#     to set the Java Heap base and to place the Java Heap above 4GB virtual address.
# This output file may be truncated or incomplete.
#
#  Out of Memory Error (virtualSpaceNode.cpp:110), pid=1168, tid=27680
#
# JRE version: Java(TM) SE Runtime Environment (18.0.2.1+1) (build 18.0.2.1+1-1)
# Java VM: Java HotSpot(TM) 64-Bit Server VM (18.0.2.1+1-1, mixed mode, sharing, tiered, compressed oops, compressed class ptrs, g1 gc, windows-amd64)
# No core dump will be written. Minidumps are not enabled by default on client versions of Windows
#

---------------  S U M M A R Y ------------

Command Line: -Dfile.encoding=UTF-8 -XX:+ShowCodeDetailsInExceptionMessages MenentukanBilangan

Host: AMD Ryzen 3 3250U with Radeon Graphics         , 4 cores, 5G,  Windows 11 , 64 bit Build 22000 (10.0.22000.708)
Time: Wed Sep 28 07:41:40 2022 SE Asia Standard Time elapsed time: 0.516231 seconds (0d 0h 0m 0s)

---------------  T H R E A D  ---------------

Current thread (0x000001a9d477a1a0):  JavaThread "AWT-EventQueue-0" [_thread_in_vm, id=27680, stack(0x00000032e9400000,0x00000032e9500000)]

Stack: [0x00000032e9400000,0x00000032e9500000]
Native frames: (J=compiled Java code, j=interpreted, Vv=VM code, C=native code)
V  [jvm.dll+0x6993aa]
V  [jvm.dll+0x7f46dd]
V  [jvm.dll+0x7f5fee]
V  [jvm.dll+0x7f66a3]
V  [jvm.dll+0x25cf1f]
V  [jvm.dll+0x7f03eb]
V  [jvm.dll+0x63f526]
V  [jvm.dll+0x63f58a]
V  [jvm.dll+0x641e0e]
V  [jvm.dll+0x641cce]
V  [jvm.dll+0x63feee]
V  [jvm.dll+0x252a66]
V  [jvm.dll+0x20333d]
V  [jvm.dll+0x1f8d61]
V  [jvm.dll+0x55dc05]
V  [jvm.dll+0x209c17]
V  [jvm.dll+0x76dd8d]
V  [jvm.dll+0x76f0c6]
V  [jvm.dll+0x76f3f8]
V  [jvm.dll+0x255346]
V  [jvm.dll+0x3a13de]
C  0x000001a9bb66b7f7

Java frames: (J=compiled Java code, j=interpreted, Vv=VM code)
j  sun.font.PlatformFontInfo.createFontManager()Lsun/font/FontManager;+0 java.desktop@18.0.2.1
j  sun.font.FontManagerFactory.getInstance()Lsun/font/FontManager;+21 java.desktop@18.0.2.1
j  sun.font.SunFontManager.getInstance()Lsun/font/SunFontManager;+0 java.desktop@18.0.2.1
j  sun.awt.PlatformFont.<init>(Ljava/lang/String;I)V+4 java.desktop@18.0.2.1
j  sun.awt.windows.WFontPeer.<init>(Ljava/lang/String;I)V+3 java.desktop@18.0.2.1
j  sun.awt.windows.WToolkit.getFontPeer(Ljava/lang/String;I)Ljava/awt/peer/FontPeer;+48 java.desktop@18.0.2.1
j  java.awt.Font.getFontPeer()Ljava/awt/peer/FontPeer;+31 java.desktop@18.0.2.1
v  ~StubRoutines::call_stub
j  sun.awt.windows.WComponentPeer._setFont(Ljava/awt/Font;)V+0 java.desktop@18.0.2.1
j  sun.awt.windows.WComponentPeer.setFont(Ljava/awt/Font;)V+7 java.desktop@18.0.2.1
j  sun.awt.windows.WWindowPeer.initialize()V+42 java.desktop@18.0.2.1
j  sun.awt.windows.WFramePeer.initialize()V+1 java.desktop@18.0.2.1
j  sun.awt.windows.WComponentPeer.<init>(Ljava/awt/Component;)V+83 java.desktop@18.0.2.1
j  sun.awt.windows.WCanvasPeer.<init>(Ljava/awt/Component;)V+2 java.desktop@18.0.2.1
j  sun.awt.windows.WPanelPeer.<init>(Ljava/awt/Component;)V+2 java.desktop@18.0.2.1
j  sun.awt.windows.WWindowPeer.<init>(Ljava/awt/Window;)V+2 java.desktop@18.0.2.1
j  sun.awt.windows.WFramePeer.<init>(Ljava/awt/Frame;)V+2 java.desktop@18.0.2.1
j  sun.awt.windows.WToolkit.createFrame(Ljava/awt/Frame;)Ljava/awt/peer/FramePeer;+5 java.desktop@18.0.2.1
j  java.awt.Frame.addNotify()V+20 java.desktop@18.0.2.1
j  java.awt.Window.show()V+8 java.desktop@18.0.2.1
j  java.awt.Component.show(Z)V+5 java.desktop@18.0.2.1
j  java.awt.Component.setVisible(Z)V+2 java.desktop@18.0.2.1
j  java.awt.Window.setVisible(Z)V+2 java.desktop@18.0.2.1
j  MenentukanBilangan$1.run()V+10
j  java.awt.event.InvocationEvent.dispatch()V+47 java.desktop@18.0.2.1
j  java.awt.EventQueue.dispatchEventImpl(Ljava/awt/AWTEvent;Ljava/lang/Object;)V+21 java.desktop@18.0.2.1
j  java.awt.EventQueue$4.run()Ljava/lang/Void;+32 java.desktop@18.0.2.1
j  java.awt.EventQueue$4.run()Ljava/lang/Object;+1 java.desktop@18.0.2.1
j  java.security.AccessController.executePrivileged(Ljava/security/PrivilegedAction;Ljava/security/AccessControlContext;Ljava/lang/Class;)Ljava/lang/Object;+29 java.base@18.0.2.1
j  java.security.AccessController.doPrivileged(Ljava/security/PrivilegedAction;Ljava/security/AccessControlContext;)Ljava/lang/Object;+13 java.base@18.0.2.1
j  java.security.ProtectionDomain$JavaSecurityAccessImpl.doIntersectionPrivilege(Ljava/security/PrivilegedAction;Ljava/security/AccessControlContext;Ljava/security/AccessControlContext;)Ljava/lang/Object;+18 java.base@18.0.2.1
j  java.awt.EventQueue.dispatchEvent(Ljava/awt/AWTEvent;)V+46 java.desktop@18.0.2.1
j  java.awt.EventDispatchThread.pumpOneEventForFilters(I)V+78 java.desktop@18.0.2.1
j  java.awt.EventDispatchThread.pumpEventsForFilter(ILjava/awt/Conditional;Ljava/awt/EventFilter;)V+35 java.desktop@18.0.2.1
j  java.awt.EventDispatchThread.pumpEventsForHierarchy(ILjava/awt/Conditional;Ljava/awt/Component;)V+11 java.desktop@18.0.2.1
j  java.awt.EventDispatchThread.pumpEvents(ILjava/awt/Conditional;)V+4 java.desktop@18.0.2.1
j  java.awt.EventDispatchThread.pumpEvents(Ljava/awt/Conditional;)V+3 java.desktop@18.0.2.1
j  java.awt.EventDispatchThread.run()V+9 java.desktop@18.0.2.1
v  ~StubRoutines::call_stub

---------------  P R O C E S S  ---------------

Threads class SMR info:
_java_thread_list=0x000001a9d47575c0, length=16, elements={
0x000001a9b3dd24b0, 0x000001a9b3dd35f0, 0x000001a9d02cdb90, 0x000001a9d02d0850,
0x000001a9d02d1990, 0x000001a9d02d6560, 0x000001a9d02d9bf0, 0x000001a9d02dad70,
0x000001a9d02f55c0, 0x000001a9d456ca90, 0x000001a9d45719f0, 0x000001a9d45cda60,
0x000001a9d45cdf20, 0x000001a9d45d03f0, 0x000001a9d477a1a0, 0x000001a9b3d140a0
}

Java Threads: ( => current thread )
  0x000001a9b3dd24b0 JavaThread "Reference Handler" daemon [_thread_blocked, id=16764, stack(0x00000032e8500000,0x00000032e8600000)]
  0x000001a9b3dd35f0 JavaThread "Finalizer" daemon [_thread_blocked, id=16248, stack(0x00000032e8600000,0x00000032e8700000)]
  0x000001a9d02cdb90 JavaThread "Signal Dispatcher" daemon [_thread_blocked, id=22832, stack(0x00000032e8700000,0x00000032e8800000)]
  0x000001a9d02d0850 JavaThread "Attach Listener" daemon [_thread_blocked, id=22596, stack(0x00000032e8800000,0x00000032e8900000)]
  0x000001a9d02d1990 JavaThread "Service Thread" daemon [_thread_blocked, id=23976, stack(0x00000032e8900000,0x00000032e8a00000)]
  0x000001a9d02d6560 JavaThread "Monitor Deflation Thread" daemon [_thread_blocked, id=27560, stack(0x00000032e8a00000,0x00000032e8b00000)]
  0x000001a9d02d9bf0 JavaThread "C2 CompilerThread0" daemon [_thread_blocked, id=13252, stack(0x00000032e8b00000,0x00000032e8c00000)]
  0x000001a9d02dad70 JavaThread "C1 CompilerThread0" daemon [_thread_blocked, id=15280, stack(0x00000032e8c00000,0x00000032e8d00000)]
  0x000001a9d02f55c0 JavaThread "Sweeper thread" daemon [_thread_blocked, id=28060, stack(0x00000032e8d00000,0x00000032e8e00000)]
  0x000001a9d456ca90 JavaThread "Notification Thread" daemon [_thread_blocked, id=17844, stack(0x00000032e8e00000,0x00000032e8f00000)]
  0x000001a9d45719f0 JavaThread "Common-Cleaner" daemon [_thread_blocked, id=12868, stack(0x00000032e9000000,0x00000032e9100000)]
  0x000001a9d45cda60 JavaThread "Java2D Disposer" daemon [_thread_blocked, id=2340, stack(0x00000032e9100000,0x00000032e9200000)]
  0x000001a9d45cdf20 JavaThread "AWT-Shutdown" [_thread_blocked, id=24484, stack(0x00000032e9200000,0x00000032e9300000)]
  0x000001a9d45d03f0 JavaThread "AWT-Windows" daemon [_thread_in_native, id=9032, stack(0x00000032e9300000,0x00000032e9400000)]
=>0x000001a9d477a1a0 JavaThread "AWT-EventQueue-0" [_thread_in_vm, id=27680, stack(0x00000032e9400000,0x00000032e9500000)]
  0x000001a9b3d140a0 JavaThread "DestroyJavaVM" [_thread_blocked, id=18480, stack(0x00000032e7e00000,0x00000032e7f00000)]

Other Threads:
  0x000001a9b3dcd4a0 VMThread "VM Thread" [stack: 0x00000032e8400000,0x00000032e8500000] [id=22404]
  0x000001a9d4570390 WatcherThread "VM Periodic Task Thread" [stack: 0x00000032e8f00000,0x00000032e9000000] [id=9924]
  0x000001a9b3d64e50 WorkerThread "GC Thread#0" [stack: 0x00000032e7f00000,0x00000032e8000000] [id=23000]
  0x000001a9b3d719c0 ConcurrentGCThread "G1 Main Marker" [stack: 0x00000032e8000000,0x00000032e8100000] [id=24172]
  0x000001a9b3d72d80 WorkerThread "G1 Conc#0" [stack: 0x00000032e8100000,0x00000032e8200000] [id=20812]
  0x000001a9b3da6950 ConcurrentGCThread "G1 Refine#0" [stack: 0x00000032e8200000,0x00000032e8300000] [id=23468]
  0x000001a9b3da7260 ConcurrentGCThread "G1 Service" [stack: 0x00000032e8300000,0x00000032e8400000] [id=19520]

Threads with active compile tasks:

VM state: not at safepoint (normal execution)

VM Mutex/Monitor currently owned by a thread:  ([mutex/lock_event])
[0x000001a9b3d0dbb0] Metaspace_lock - owner thread: 0x000001a9d477a1a0

Heap address: 0x00000000a1e00000, size: 1506 MB, Compressed Oops mode: 32-bit

CDS archive(s) mapped at: [0x0000000800000000-0x0000000800ba0000-0x0000000800ba0000), size 12189696, SharedBaseAddress: 0x0000000800000000, ArchiveRelocationMode: 0.
Compressed class space mapped at: 0x0000000800c00000-0x0000000840c00000, reserved size: 1073741824
Narrow klass base: 0x0000000800000000, Narrow klass shift: 0, Narrow klass range: 0x100000000

GC Precious Log:
 CardTable entry size: 512
 Card Set container configuration: InlinePtr #cards 5 size 8 Array Of Cards #cards 12 size 40 Howl #buckets 4 coarsen threshold 1843 Howl Bitmap #cards 512 size 80 coarsen threshold 460 Card regions per heap region 1 cards per card region 2048
 CPUs: 4 total, 4 available
 Memory: 6023M
 Large Page Support: Disabled
 NUMA Support: Disabled
 Compressed Oops: Enabled (32-bit)
 Heap Region Size: 1M
 Heap Min Capacity: 8M
 Heap Initial Capacity: 96M
 Heap Max Capacity: 1506M
 Pre-touch: Disabled
 Parallel Workers: 4
 Concurrent Workers: 1
 Concurrent Refinement Workers: 4
 Periodic GC: Disabled

Heap:
 garbage-first heap   total 98304K, used 4096K [0x00000000a1e00000, 0x0000000100000000)
  region size 1024K, 5 young (5120K), 0 survivors (0K)
 Metaspace       used 6089K, committed 6272K, reserved 1114112K
  class space    used 701K, committed 832K, reserved 1048576K

Heap Regions: E=young(eden), S=young(survivor), O=old, HS=humongous(starts), HC=humongous(continues), CS=collection set, F=free, OA=open archive, CA=closed archive, TAMS=top-at-mark-start (previous, next)
|   0|0x00000000a1e00000, 0x00000000a1e00000, 0x00000000a1f00000|  0%| F|  |TAMS 0x00000000a1e00000, 0x00000000a1e00000| Untracked 
|   1|0x00000000a1f00000, 0x00000000a1f00000, 0x00000000a2000000|  0%| F|  |TAMS 0x00000000a1f00000, 0x00000000a1f00000| Untracked 
|   2|0x00000000a2000000, 0x00000000a2000000, 0x00000000a2100000|  0%| F|  |TAMS 0x00000000a2000000, 0x00000000a2000000| Untracked 
|   3|0x00000000a2100000, 0x00000000a2100000, 0x00000000a2200000|  0%| F|  |TAMS 0x00000000a2100000, 0x00000000a2100000| Untracked 
|   4|0x00000000a2200000, 0x00000000a2200000, 0x00000000a2300000|  0%| F|  |TAMS 0x00000000a2200000, 0x00000000a2200000| Untracked 
|   5|0x00000000a2300000, 0x00000000a2300000, 0x00000000a2400000|  0%| F|  |TAMS 0x00000000a2300000, 0x00000000a2300000| Untracked 
|   6|0x00000000a2400000, 0x00000000a2400000, 0x00000000a2500000|  0%| F|  |TAMS 0x00000000a2400000, 0x00000000a2400000| Untracked 
|   7|0x00000000a2500000, 0x00000000a2500000, 0x00000000a2600000|  0%| F|  |TAMS 0x00000000a2500000, 0x00000000a2500000| Untracked 
|   8|0x00000000a2600000, 0x00000000a2600000, 0x00000000a2700000|  0%| F|  |TAMS 0x00000000a2600000, 0x00000000a2600000| Untracked 
|   9|0x00000000a2700000, 0x00000000a2700000, 0x00000000a2800000|  0%| F|  |TAMS 0x00000000a2700000, 0x00000000a2700000| Untracked 
|  10|0x00000000a2800000, 0x00000000a2800000, 0x00000000a2900000|  0%| F|  |TAMS 0x00000000a2800000, 0x00000000a2800000| Untracked 
|  11|0x00000000a2900000, 0x00000000a2900000, 0x00000000a2a00000|  0%| F|  |TAMS 0x00000000a2900000, 0x00000000a2900000| Untracked 
|  12|0x00000000a2a00000, 0x00000000a2a00000, 0x00000000a2b00000|  0%| F|  |TAMS 0x00000000a2a00000, 0x00000000a2a00000| Untracked 
|  13|0x00000000a2b00000, 0x00000000a2b00000, 0x00000000a2c00000|  0%| F|  |TAMS 0x00000000a2b00000, 0x00000000a2b00000| Untracked 
|  14|0x00000000a2c00000, 0x00000000a2c00000, 0x00000000a2d00000|  0%| F|  |TAMS 0x00000000a2c00000, 0x00000000a2c00000| Untracked 
|  15|0x00000000a2d00000, 0x00000000a2d00000, 0x00000000a2e00000|  0%| F|  |TAMS 0x00000000a2d00000, 0x00000000a2d00000| Untracked 
|  16|0x00000000a2e00000, 0x00000000a2e00000, 0x00000000a2f00000|  0%| F|  |TAMS 0x00000000a2e00000, 0x00000000a2e00000| Untracked 
|  17|0x00000000a2f00000, 0x00000000a2f00000, 0x00000000a3000000|  0%| F|  |TAMS 0x00000000a2f00000, 0x00000000a2f00000| Untracked 
|  18|0x00000000a3000000, 0x00000000a3000000, 0x00000000a3100000|  0%| F|  |TAMS 0x00000000a3000000, 0x00000000a3000000| Untracked 
|  19|0x00000000a3100000, 0x00000000a3100000, 0x00000000a3200000|  0%| F|  |TAMS 0x00000000a3100000, 0x00000000a3100000| Untracked 
|  20|0x00000000a3200000, 0x00000000a3200000, 0x00000000a3300000|  0%| F|  |TAMS 0x00000000a3200000, 0x00000000a3200000| Untracked 
|  21|0x00000000a3300000, 0x00000000a3300000, 0x00000000a3400000|  0%| F|  |TAMS 0x00000000a3300000, 0x00000000a3300000| Untracked 
|  22|0x00000000a3400000, 0x00000000a3400000, 0x00000000a3500000|  0%| F|  |TAMS 0x00000000a3400000, 0x00000000a3400000| Untracked 
|  23|0x00000000a3500000, 0x00000000a3500000, 0x00000000a3600000|  0%| F|  |TAMS 0x00000000a3500000, 0x00000000a3500000| Untracked 
|  24|0x00000000a3600000, 0x00000000a3600000, 0x00000000a3700000|  0%| F|  |TAMS 0x00000000a3600000, 0x00000000a3600000| Untracked 
|  25|0x00000000a3700000, 0x00000000a3700000, 0x00000000a3800000|  0%| F|  |TAMS 0x00000000a3700000, 0x00000000a3700000| Untracked 
|  26|0x00000000a3800000, 0x00000000a3800000, 0x00000000a3900000|  0%| F|  |TAMS 0x00000000a3800000, 0x00000000a3800000| Untracked 
|  27|0x00000000a3900000, 0x00000000a3900000, 0x00000000a3a00000|  0%| F|  |TAMS 0x00000000a3900000, 0x00000000a3900000| Untracked 
|  28|0x00000000a3a00000, 0x00000000a3a00000, 0x00000000a3b00000|  0%| F|  |TAMS 0x00000000a3a00000, 0x00000000a3a00000| Untracked 
|  29|0x00000000a3b00000, 0x00000000a3b00000, 0x00000000a3c00000|  0%| F|  |TAMS 0x00000000a3b00000, 0x00000000a3b00000| Untracked 
|  30|0x00000000a3c00000, 0x00000000a3c00000, 0x00000000a3d00000|  0%| F|  |TAMS 0x00000000a3c00000, 0x00000000a3c00000| Untracked 
|  31|0x00000000a3d00000, 0x00000000a3d00000, 0x00000000a3e00000|  0%| F|  |TAMS 0x00000000a3d00000, 0x00000000a3d00000| Untracked 
|  32|0x00000000a3e00000, 0x00000000a3e00000, 0x00000000a3f00000|  0%| F|  |TAMS 0x00000000a3e00000, 0x00000000a3e00000| Untracked 
|  33|0x00000000a3f00000, 0x00000000a3f00000, 0x00000000a4000000|  0%| F|  |TAMS 0x00000000a3f00000, 0x00000000a3f00000| Untracked 
|  34|0x00000000a4000000, 0x00000000a4000000, 0x00000000a4100000|  0%| F|  |TAMS 0x00000000a4000000, 0x00000000a4000000| Untracked 
|  35|0x00000000a4100000, 0x00000000a4100000, 0x00000000a4200000|  0%| F|  |TAMS 0x00000000a4100000, 0x00000000a4100000| Untracked 
|  36|0x00000000a4200000, 0x00000000a4200000, 0x00000000a4300000|  0%| F|  |TAMS 0x00000000a4200000, 0x00000000a4200000| Untracked 
|  37|0x00000000a4300000, 0x00000000a4300000, 0x00000000a4400000|  0%| F|  |TAMS 0x00000000a4300000, 0x00000000a4300000| Untracked 
|  38|0x00000000a4400000, 0x00000000a4400000, 0x00000000a4500000|  0%| F|  |TAMS 0x00000000a4400000, 0x00000000a4400000| Untracked 
|  39|0x00000000a4500000, 0x00000000a4500000, 0x00000000a4600000|  0%| F|  |TAMS 0x00000000a4500000, 0x00000000a4500000| Untracked 
|  40|0x00000000a4600000, 0x00000000a4600000, 0x00000000a4700000|  0%| F|  |TAMS 0x00000000a4600000, 0x00000000a4600000| Untracked 
|  41|0x00000000a4700000, 0x00000000a4700000, 0x00000000a4800000|  0%| F|  |TAMS 0x00000000a4700000, 0x00000000a4700000| Untracked 
|  42|0x00000000a4800000, 0x00000000a4800000, 0x00000000a4900000|  0%| F|  |TAMS 0x00000000a4800000, 0x00000000a4800000| Untracked 
|  43|0x00000000a4900000, 0x00000000a4900000, 0x00000000a4a00000|  0%| F|  |TAMS 0x00000000a4900000, 0x00000000a4900000| Untracked 
|  44|0x00000000a4a00000, 0x00000000a4a00000, 0x00000000a4b00000|  0%| F|  |TAMS 0x00000000a4a00000, 0x00000000a4a00000| Untracked 
|  45|0x00000000a4b00000, 0x00000000a4b00000, 0x00000000a4c00000|  0%| F|  |TAMS 0x00000000a4b00000, 0x00000000a4b00000| Untracked 
|  46|0x00000000a4c00000, 0x00000000a4c00000, 0x00000000a4d00000|  0%| F|  |TAMS 0x00000000a4c00000, 0x00000000a4c00000| Untracked 
|  47|0x00000000a4d00000, 0x00000000a4d00000, 0x00000000a4e00000|  0%| F|  |TAMS 0x00000000a4d00000, 0x00000000a4d00000| Untracked 
|  48|0x00000000a4e00000, 0x00000000a4e00000, 0x00000000a4f00000|  0%| F|  |TAMS 0x00000000a4e00000, 0x00000000a4e00000| Untracked 
|  49|0x00000000a4f00000, 0x00000000a4f00000, 0x00000000a5000000|  0%| F|  |TAMS 0x00000000a4f00000, 0x00000000a4f00000| Untracked 
|  50|0x00000000a5000000, 0x00000000a5000000, 0x00000000a5100000|  0%| F|  |TAMS 0x00000000a5000000, 0x00000000a5000000| Untracked 
|  51|0x00000000a5100000, 0x00000000a5100000, 0x00000000a5200000|  0%| F|  |TAMS 0x00000000a5100000, 0x00000000a5100000| Untracked 
|  52|0x00000000a5200000, 0x00000000a5200000, 0x00000000a5300000|  0%| F|  |TAMS 0x00000000a5200000, 0x00000000a5200000| Untracked 
|  53|0x00000000a5300000, 0x00000000a5300000, 0x00000000a5400000|  0%| F|  |TAMS 0x00000000a5300000, 0x00000000a5300000| Untracked 
|  54|0x00000000a5400000, 0x00000000a5400000, 0x00000000a5500000|  0%| F|  |TAMS 0x00000000a5400000, 0x00000000a5400000| Untracked 
|  55|0x00000000a5500000, 0x00000000a5500000, 0x00000000a5600000|  0%| F|  |TAMS 0x00000000a5500000, 0x00000000a5500000| Untracked 
|  56|0x00000000a5600000, 0x00000000a5600000, 0x00000000a5700000|  0%| F|  |TAMS 0x00000000a5600000, 0x00000000a5600000| Untracked 
|  57|0x00000000a5700000, 0x00000000a5700000, 0x00000000a5800000|  0%| F|  |TAMS 0x00000000a5700000, 0x00000000a5700000| Untracked 
|  58|0x00000000a5800000, 0x00000000a5800000, 0x00000000a5900000|  0%| F|  |TAMS 0x00000000a5800000, 0x00000000a5800000| Untracked 
|  59|0x00000000a5900000, 0x00000000a5900000, 0x00000000a5a00000|  0%| F|  |TAMS 0x00000000a5900000, 0x00000000a5900000| Untracked 
|  60|0x00000000a5a00000, 0x00000000a5a00000, 0x00000000a5b00000|  0%| F|  |TAMS 0x00000000a5a00000, 0x00000000a5a00000| Untracked 
|  61|0x00000000a5b00000, 0x00000000a5b00000, 0x00000000a5c00000|  0%| F|  |TAMS 0x00000000a5b00000, 0x00000000a5b00000| Untracked 
|  62|0x00000000a5c00000, 0x00000000a5c00000, 0x00000000a5d00000|  0%| F|  |TAMS 0x00000000a5c00000, 0x00000000a5c00000| Untracked 
|  63|0x00000000a5d00000, 0x00000000a5d00000, 0x00000000a5e00000|  0%| F|  |TAMS 0x00000000a5d00000, 0x00000000a5d00000| Untracked 
|  64|0x00000000a5e00000, 0x00000000a5e00000, 0x00000000a5f00000|  0%| F|  |TAMS 0x00000000a5e00000, 0x00000000a5e00000| Untracked 
|  65|0x00000000a5f00000, 0x00000000a5f00000, 0x00000000a6000000|  0%| F|  |TAMS 0x00000000a5f00000, 0x00000000a5f00000| Untracked 
|  66|0x00000000a6000000, 0x00000000a6000000, 0x00000000a6100000|  0%| F|  |TAMS 0x00000000a6000000, 0x00000000a6000000| Untracked 
|  67|0x00000000a6100000, 0x00000000a6100000, 0x00000000a6200000|  0%| F|  |TAMS 0x00000000a6100000, 0x00000000a6100000| Untracked 
|  68|0x00000000a6200000, 0x00000000a6200000, 0x00000000a6300000|  0%| F|  |TAMS 0x00000000a6200000, 0x00000000a6200000| Untracked 
|  69|0x00000000a6300000, 0x00000000a6300000, 0x00000000a6400000|  0%| F|  |TAMS 0x00000000a6300000, 0x00000000a6300000| Untracked 
|  70|0x00000000a6400000, 0x00000000a6400000, 0x00000000a6500000|  0%| F|  |TAMS 0x00000000a6400000, 0x00000000a6400000| Untracked 
|  71|0x00000000a6500000, 0x00000000a6500000, 0x00000000a6600000|  0%| F|  |TAMS 0x00000000a6500000, 0x00000000a6500000| Untracked 
|  72|0x00000000a6600000, 0x00000000a6600000, 0x00000000a6700000|  0%| F|  |TAMS 0x00000000a6600000, 0x00000000a6600000| Untracked 
|  73|0x00000000a6700000, 0x00000000a6700000, 0x00000000a6800000|  0%| F|  |TAMS 0x00000000a6700000, 0x00000000a6700000| Untracked 
|  74|0x00000000a6800000, 0x00000000a6800000, 0x00000000a6900000|  0%| F|  |TAMS 0x00000000a6800000, 0x00000000a6800000| Untracked 
|  75|0x00000000a6900000, 0x00000000a6900000, 0x00000000a6a00000|  0%| F|  |TAMS 0x00000000a6900000, 0x00000000a6900000| Untracked 
|  76|0x00000000a6a00000, 0x00000000a6a00000, 0x00000000a6b00000|  0%| F|  |TAMS 0x00000000a6a00000, 0x00000000a6a00000| Untracked 
|  77|0x00000000a6b00000, 0x00000000a6b00000, 0x00000000a6c00000|  0%| F|  |TAMS 0x00000000a6b00000, 0x00000000a6b00000| Untracked 
|  78|0x00000000a6c00000, 0x00000000a6c00000, 0x00000000a6d00000|  0%| F|  |TAMS 0x00000000a6c00000, 0x00000000a6c00000| Untracked 
|  79|0x00000000a6d00000, 0x00000000a6d00000, 0x00000000a6e00000|  0%| F|  |TAMS 0x00000000a6d00000, 0x00000000a6d00000| Untracked 
|  80|0x00000000a6e00000, 0x00000000a6e00000, 0x00000000a6f00000|  0%| F|  |TAMS 0x00000000a6e00000, 0x00000000a6e00000| Untracked 
|  81|0x00000000a6f00000, 0x00000000a6f00000, 0x00000000a7000000|  0%| F|  |TAMS 0x00000000a6f00000, 0x00000000a6f00000| Untracked 
|  82|0x00000000a7000000, 0x00000000a7000000, 0x00000000a7100000|  0%| F|  |TAMS 0x00000000a7000000, 0x00000000a7000000| Untracked 
|  83|0x00000000a7100000, 0x00000000a7100000, 0x00000000a7200000|  0%| F|  |TAMS 0x00000000a7100000, 0x00000000a7100000| Untracked 
|  84|0x00000000a7200000, 0x00000000a7200000, 0x00000000a7300000|  0%| F|  |TAMS 0x00000000a7200000, 0x00000000a7200000| Untracked 
|  85|0x00000000a7300000, 0x00000000a7300000, 0x00000000a7400000|  0%| F|  |TAMS 0x00000000a7300000, 0x00000000a7300000| Untracked 
|  86|0x00000000a7400000, 0x00000000a7400000, 0x00000000a7500000|  0%| F|  |TAMS 0x00000000a7400000, 0x00000000a7400000| Untracked 
|  87|0x00000000a7500000, 0x00000000a7500000, 0x00000000a7600000|  0%| F|  |TAMS 0x00000000a7500000, 0x00000000a7500000| Untracked 
|  88|0x00000000a7600000, 0x00000000a7600000, 0x00000000a7700000|  0%| F|  |TAMS 0x00000000a7600000, 0x00000000a7600000| Untracked 
|  89|0x00000000a7700000, 0x00000000a7700000, 0x00000000a7800000|  0%| F|  |TAMS 0x00000000a7700000, 0x00000000a7700000| Untracked 
|  90|0x00000000a7800000, 0x00000000a7800000, 0x00000000a7900000|  0%| F|  |TAMS 0x00000000a7800000, 0x00000000a7800000| Untracked 
|  91|0x00000000a7900000, 0x00000000a79c8350, 0x00000000a7a00000| 78%| E|  |TAMS 0x00000000a7900000, 0x00000000a7900000| Complete 
|  92|0x00000000a7a00000, 0x00000000a7b00000, 0x00000000a7b00000|100%| E|CS|TAMS 0x00000000a7a00000, 0x00000000a7a00000| Complete 
|  93|0x00000000a7b00000, 0x00000000a7c00000, 0x00000000a7c00000|100%| E|CS|TAMS 0x00000000a7b00000, 0x00000000a7b00000| Complete 
|  94|0x00000000a7c00000, 0x00000000a7d00000, 0x00000000a7d00000|100%| E|CS|TAMS 0x00000000a7c00000, 0x00000000a7c00000| Complete 
|  95|0x00000000a7d00000, 0x00000000a7e00000, 0x00000000a7e00000|100%| E|CS|TAMS 0x00000000a7d00000, 0x00000000a7d00000| Complete 

Card table byte_map: [0x000001a9ca950000,0x000001a9cac50000] _byte_map_base: 0x000001a9ca441000

Marking Bits (Prev, Next): (CMBitMap*) 0x000001a9b3d65450, (CMBitMap*) 0x000001a9b3d65490
 Prev Bits: [0x000001a9caf50000, 0x000001a9cc6d8000)
 Next Bits: [0x000001a9cc6e0000, 0x000001a9cde68000)

Polling page: 0x000001a9b1ce0000

Metaspace:

Usage:
  Non-class:      5.26 MB used.
      Class:    701.88 KB used.
       Both:      5.95 MB used.

Virtual space:
  Non-class space:       64.00 MB reserved,       5.31 MB (  8%) committed,  1 nodes.
      Class space:        1.00 GB reserved,     832.00 KB ( <1%) committed,  1 nodes.
             Both:        1.06 GB reserved,       6.12 MB ( <1%) committed. 

Chunk freelists:
   Non-Class:  2.40 MB
       Class:  3.25 MB
        Both:  5.65 MB

MaxMetaspaceSize: unlimited
CompressedClassSpaceSize: 1.00 GB
Initial GC threshold: 21.00 MB
Current GC threshold: 21.00 MB
CDS: on
MetaspaceReclaimPolicy: balanced
 - commit_granule_bytes: 65536.
 - commit_granule_words: 8192.
 - virtual_space_node_default_size: 8388608.
 - enlarge_chunks_in_place: 1.
 - new_chunks_are_fully_committed: 0.
 - uncommit_free_chunks: 1.
 - use_allocation_guard: 0.


Internal statistics:

num_allocs_failed_limit: 0.
num_arena_births: 100.
num_arena_deaths: 0.
num_vsnodes_births: 2.
num_vsnodes_deaths: 0.
num_space_committed: 98.
num_space_uncommitted: 0.
num_chunks_returned_to_freelist: 0.
num_chunks_taken_from_freelist: 137.
num_chunk_merges: 0.
num_chunk_splits: 76.
num_chunks_enlarged: 21.
num_inconsistent_stats: 0.

CodeHeap 'non-profiled nmethods': size=120000Kb used=132Kb max_used=132Kb free=119867Kb
 bounds [0x000001a9c3120000, 0x000001a9c3390000, 0x000001a9ca650000]
CodeHeap 'profiled nmethods': size=120000Kb used=735Kb max_used=735Kb free=119264Kb
 bounds [0x000001a9bbbf0000, 0x000001a9bbe60000, 0x000001a9c3120000]
CodeHeap 'non-nmethods': size=5760Kb used=1242Kb max_used=1242Kb free=4517Kb
 bounds [0x000001a9bb650000, 0x000001a9bb8c0000, 0x000001a9bbbf0000]
 total_blobs=1051 nmethods=505 adapters=459
 compilation: enabled
              stopped_count=0, restarted_count=0
 full_count=0

Compilation events (20 events):
Event: 0.484 Thread 0x000001a9d02dad70  494       3       java.lang.invoke.MemberName::changeReferenceKind (60 bytes)
Event: 0.484 Thread 0x000001a9d02dad70 nmethod 494 0x000001a9bbca4190 code [0x000001a9bbca4320, 0x000001a9bbca4458]
Event: 0.492 Thread 0x000001a9d02dad70  495       1       sun.java2d.loops.SurfaceType::getUniqueID (5 bytes)
Event: 0.492 Thread 0x000001a9d02dad70 nmethod 495 0x000001a9c3140590 code [0x000001a9c3140720, 0x000001a9c31407f8]
Event: 0.492 Thread 0x000001a9d02dad70  496       1       sun.java2d.loops.CompositeType::getUniqueID (5 bytes)
Event: 0.492 Thread 0x000001a9d02dad70 nmethod 496 0x000001a9c3140890 code [0x000001a9c3140a20, 0x000001a9c3140af8]
Event: 0.492 Thread 0x000001a9d02dad70  497  s    3       sun.java2d.loops.GraphicsPrimitive::makeUniqueID (26 bytes)
Event: 0.493 Thread 0x000001a9d02dad70 nmethod 497 0x000001a9bbca4510 code [0x000001a9bbca46c0, 0x000001a9bbca48d8]
Event: 0.493 Thread 0x000001a9d02dad70  498       3       sun.java2d.loops.GraphicsPrimitive::<init> (75 bytes)
Event: 0.493 Thread 0x000001a9d02dad70 nmethod 498 0x000001a9bbca4a10 code [0x000001a9bbca4be0, 0x000001a9bbca5178]
Event: 0.500 Thread 0x000001a9d02dad70  501       3       jdk.internal.org.objectweb.asm.SymbolTable::addTypeInternal (85 bytes)
Event: 0.501 Thread 0x000001a9d02dad70 nmethod 501 0x000001a9bbca5390 code [0x000001a9bbca5560, 0x000001a9bbca5bb8]
Event: 0.501 Thread 0x000001a9d02dad70  502       3       java.util.concurrent.ConcurrentHashMap$Traverser::advance (188 bytes)
Event: 0.501 Thread 0x000001a9d02dad70 nmethod 502 0x000001a9bbca5d90 code [0x000001a9bbca5fe0, 0x000001a9bbca6bc8]
Event: 0.512 Thread 0x000001a9d02dad70  503       3       java.lang.invoke.ClassSpecializer$SpeciesData::fieldCount (10 bytes)
Event: 0.512 Thread 0x000001a9d02dad70 nmethod 503 0x000001a9bbca6e90 code [0x000001a9bbca7040, 0x000001a9bbca7208]
Event: 0.512 Thread 0x000001a9d02dad70  504       3       java.lang.invoke.LambdaForm::editor (5 bytes)
Event: 0.512 Thread 0x000001a9d02dad70 nmethod 504 0x000001a9bbca7310 code [0x000001a9bbca74e0, 0x000001a9bbca7808]
Event: 0.512 Thread 0x000001a9d02dad70  505       3       java.lang.invoke.LambdaFormEditor::lambdaFormEditor (12 bytes)
Event: 0.512 Thread 0x000001a9d02dad70 nmethod 505 0x000001a9bbca7990 code [0x000001a9bbca7b40, 0x000001a9bbca7e08]

GC Heap History (0 events):
No events

Deoptimization events (0 events):
No events

Classes loaded (20 events):
Event: 0.510 Loading class java/awt/geom/Rectangle2D$Float done
Event: 0.510 Loading class java/awt/geom/GeneralPath
Event: 0.510 Loading class java/awt/geom/GeneralPath done
Event: 0.510 Loading class sun/font/CharToGlyphMapper
Event: 0.510 Loading class sun/font/CharToGlyphMapper done
Event: 0.510 Loading class sun/font/PhysicalStrike
Event: 0.511 Loading class sun/font/FontStrike
Event: 0.511 Loading class sun/font/FontStrike done
Event: 0.511 Loading class sun/font/PhysicalStrike done
Event: 0.511 Loading class sun/font/StrikeCache
Event: 0.511 Loading class sun/font/StrikeCache done
Event: 0.511 Loading class sun/font/StrikeCache$1
Event: 0.511 Loading class sun/font/StrikeCache$1 done
Event: 0.511 Loading class sun/font/GlyphList
Event: 0.511 Loading class sun/font/GlyphList done
Event: 0.512 Loading class sun/font/FontManagerFactory
Event: 0.512 Loading class sun/font/FontManagerFactory done
Event: 0.512 Loading class sun/font/PlatformFontInfo
Event: 0.512 Loading class sun/font/PlatformFontInfo done
Event: 0.512 Loading class sun/awt/Win32FontManager

Classes unloaded (0 events):
No events

Classes redefined (0 events):
No events

Internal exceptions (12 events):
Event: 0.162 Thread 0x000001a9b3d140a0 Exception <a 'java/lang/ClassNotFoundException'{0x00000000a7c44920}: sun/awt/resources/spi/awtProvider> (0x00000000a7c44920) 
thrown [s\open\src\hotspot\share\classfile\systemDictionary.cpp, line 255]
Event: 0.191 Thread 0x000001a9b3d140a0 Exception <a 'java/io/FileNotFoundException'{0x00000000a7c99d10}> (0x00000000a7c99d10) 
thrown [s\open\src\hotspot\share\prims\jni.cpp, line 516]
Event: 0.203 Thread 0x000001a9b3d140a0 Exception <a 'java/io/FileNotFoundException'{0x00000000a7cc6cd8}> (0x00000000a7cc6cd8) 
thrown [s\open\src\hotspot\share\prims\jni.cpp, line 516]
Event: 0.243 Thread 0x000001a9b3d140a0 Exception <a 'java/lang/NoSuchMethodError'{0x00000000a7cfbf00}: 'java.lang.Object java.lang.invoke.DirectMethodHandle$Holder.invokeStaticInit(java.lang.Object)'> (0x00000000a7cfbf00) 
thrown [s\open\src\hotspot\share\interpreter\linkResolver.cpp, line 759]
Event: 0.382 Thread 0x000001a9d477a1a0 Exception <a 'java/lang/NoSuchMethodError'{0x00000000a7a0beb0}: 'void java.lang.invoke.DirectMethodHandle$Holder.invokeSpecial(java.lang.Object, java.lang.Object, java.lang.Object)'> (0x00000000a7a0beb0) 
thrown [s\open\src\hotspot\share\interpreter\linkResolver.cpp, line 759]
Event: 0.391 Thread 0x000001a9d477a1a0 Exception <a 'java/lang/NoSuchMethodError'{0x00000000a7a36f78}: 'java.lang.Object java.lang.invoke.DirectMethodHandle$Holder.newInvokeSpecial(java.lang.Object, java.lang.Object, java.lang.Object, java.lang.Object, java.lang.Object)'> (0x00000000a7a36f78) 
thrown [s\open\src\hotspot\share\interpreter\linkResolver.cpp, line 759]
Event: 0.398 Thread 0x000001a9d477a1a0 Exception <a 'java/lang/NoSuchMethodError'{0x00000000a7a68ce0}: 'java.lang.Object java.lang.invoke.DirectMethodHandle$Holder.invokeStatic(java.lang.Object, int, java.lang.Object)'> (0x00000000a7a68ce0) 
thrown [s\open\src\hotspot\share\interpreter\linkResolver.cpp, line 759]
Event: 0.426 Thread 0x000001a9d477a1a0 Exception <a 'java/lang/ClassNotFoundException'{0x00000000a79261a0}: com/sun/swing/internal/plaf/metal/resources/spi/metalProvider> (0x00000000a79261a0) 
thrown [s\open\src\hotspot\share\classfile\systemDictionary.cpp, line 255]
Event: 0.428 Thread 0x000001a9d477a1a0 Exception <a 'java/lang/ClassNotFoundException'{0x00000000a792a208}: com/sun/swing/internal/plaf/basic/resources/spi/basicProvider> (0x00000000a792a208) 
thrown [s\open\src\hotspot\share\classfile\systemDictionary.cpp, line 255]
Event: 0.437 Thread 0x000001a9d477a1a0 Exception <a 'java/lang/NoSuchMethodError'{0x00000000a794ae68}: 'int java.lang.invoke.Invokers$Holder.invokeExact_MT(java.lang.Object, java.lang.Object)'> (0x00000000a794ae68) 
thrown [s\open\src\hotspot\share\interpreter\linkResolver.cpp, line 759]
Event: 0.481 Thread 0x000001a9d45d03f0 Exception <a 'java/lang/NoSuchMethodError'{0x00000000a7b52bf8}: 'void java.lang.invoke.DirectMethodHandle$Holder.invokeVirtual(java.lang.Object, java.lang.Object)'> (0x00000000a7b52bf8) 
thrown [s\open\src\hotspot\share\interpreter\linkResolver.cpp, line 759]
Event: 0.500 Thread 0x000001a9d477a1a0 Exception <a 'java/lang/NoSuchMethodError'{0x00000000a799c8b0}: 'void java.lang.invoke.DirectMethodHandle$Holder.invokeStaticInit(java.lang.Object)'> (0x00000000a799c8b0) 
thrown [s\open\src\hotspot\share\interpreter\linkResolver.cpp, line 759]

VM Operations (6 events):
Event: 0.426 Executing VM operation: HandshakeAllThreads
Event: 0.426 Executing VM operation: HandshakeAllThreads done
Event: 0.458 Executing VM operation: HandshakeAllThreads
Event: 0.458 Executing VM operation: HandshakeAllThreads done
Event: 0.462 Executing VM operation: HandshakeAllThreads
Event: 0.462 Executing VM operation: HandshakeAllThreads done

Events (20 events):
Event: 0.051 Thread 0x000001a9d02d0850 Thread added: 0x000001a9d02d0850
Event: 0.051 Thread 0x000001a9d02d1990 Thread added: 0x000001a9d02d1990
Event: 0.051 Thread 0x000001a9d02d6560 Thread added: 0x000001a9d02d6560
Event: 0.051 Thread 0x000001a9d02d9bf0 Thread added: 0x000001a9d02d9bf0
Event: 0.052 Thread 0x000001a9d02dad70 Thread added: 0x000001a9d02dad70
Event: 0.052 Thread 0x000001a9d02f55c0 Thread added: 0x000001a9d02f55c0
Event: 0.080 Thread 0x000001a9d456ca90 Thread added: 0x000001a9d456ca90
Event: 0.087 Thread 0x000001a9d45719f0 Thread added: 0x000001a9d45719f0
Event: 0.143 Loaded shared library C:\Program Files\Java\jdk-18.0.2.1\bin\jimage.dll
Event: 0.152 Loaded shared library C:\Program Files\Java\jdk-18.0.2.1\bin\net.dll
Event: 0.155 Loaded shared library C:\Program Files\Java\jdk-18.0.2.1\bin\nio.dll
Event: 0.175 Loaded shared library C:\Program Files\Java\jdk-18.0.2.1\bin\awt.dll
Event: 0.246 Thread 0x000001a9d45cda60 Thread added: 0x000001a9d45cda60
Event: 0.248 Thread 0x000001a9d45cdf20 Thread added: 0x000001a9d45cdf20
Event: 0.253 Thread 0x000001a9d45d03f0 Thread added: 0x000001a9d45d03f0
Event: 0.273 Thread 0x000001a9d477a1a0 Thread added: 0x000001a9d477a1a0
Event: 0.273 Thread 0x000001a9b3d140a0 Thread exited: 0x000001a9b3d140a0
Event: 0.273 Thread 0x000001a9b3d140a0 Thread added: 0x000001a9b3d140a0
Event: 0.506 Loaded shared library C:\Program Files\Java\jdk-18.0.2.1\bin\freetype.dll
Event: 0.507 Loaded shared library C:\Program Files\Java\jdk-18.0.2.1\bin\fontmanager.dll


Dynamic libraries:
0x00007ff7f5f40000 - 0x00007ff7f5f50000 	C:\Program Files\Java\jdk-18.0.2.1\bin\javaw.exe
0x00007ffccb540000 - 0x00007ffccb749000 	C:\WINDOWS\SYSTEM32\ntdll.dll
0x00007ffcaad60000 - 0x00007ffcaad77000 	C:\Program Files\Avast Software\Avast\aswhook.dll
0x00007ffcc9860000 - 0x00007ffcc991d000 	C:\WINDOWS\System32\KERNEL32.DLL
0x00007ffcc8af0000 - 0x00007ffcc8e6c000 	C:\WINDOWS\System32\KERNELBASE.dll
0x00007ffcc9060000 - 0x00007ffcc9171000 	C:\WINDOWS\System32\ucrtbase.dll
0x00007ffcab510000 - 0x00007ffcab52a000 	C:\Program Files\Java\jdk-18.0.2.1\bin\VCRUNTIME140.dll
0x00007ffcaa1e0000 - 0x00007ffcaa1f8000 	C:\Program Files\Java\jdk-18.0.2.1\bin\jli.dll
0x00007ffcca2a0000 - 0x00007ffcca34e000 	C:\WINDOWS\System32\ADVAPI32.dll
0x00007ffcc9dc0000 - 0x00007ffcc9e63000 	C:\WINDOWS\System32\msvcrt.dll
0x00007ffccad30000 - 0x00007ffccadce000 	C:\WINDOWS\System32\sechost.dll
0x00007ffcc93d0000 - 0x00007ffcc94f0000 	C:\WINDOWS\System32\RPCRT4.dll
0x00007ffccadd0000 - 0x00007ffccaf7d000 	C:\WINDOWS\System32\USER32.dll
0x00007ffcc8a20000 - 0x00007ffcc8a46000 	C:\WINDOWS\System32\win32u.dll
0x00007ffccb060000 - 0x00007ffccb089000 	C:\WINDOWS\System32\GDI32.dll
0x00007ffcc92b0000 - 0x00007ffcc93c9000 	C:\WINDOWS\System32\gdi32full.dll
0x00007ffcc8a50000 - 0x00007ffcc8aed000 	C:\WINDOWS\System32\msvcp_win.dll
0x00007ffcb33f0000 - 0x00007ffcb3695000 	C:\WINDOWS\WinSxS\amd64_microsoft.windows.common-controls_6595b64144ccf1df_6.0.22000.120_none_9d947278b86cc467\COMCTL32.dll
0x00007ffcc0520000 - 0x00007ffcc052a000 	C:\WINDOWS\SYSTEM32\VERSION.dll
0x00007ffccac70000 - 0x00007ffccaca1000 	C:\WINDOWS\System32\IMM32.DLL
0x00007ffca9ee0000 - 0x00007ffca9eec000 	C:\Program Files\Java\jdk-18.0.2.1\bin\vcruntime140_1.dll
0x00007ffc8c300000 - 0x00007ffc8c38d000 	C:\Program Files\Java\jdk-18.0.2.1\bin\msvcp140.dll
0x00007ffc337f0000 - 0x00007ffc34401000 	C:\Program Files\Java\jdk-18.0.2.1\bin\server\jvm.dll
0x00007ffcc9920000 - 0x00007ffcc9928000 	C:\WINDOWS\System32\PSAPI.DLL
0x00007ffcaffc0000 - 0x00007ffcaffc9000 	C:\WINDOWS\SYSTEM32\WSOCK32.dll
0x00007ffcc2510000 - 0x00007ffcc2543000 	C:\WINDOWS\SYSTEM32\WINMM.dll
0x00007ffccacc0000 - 0x00007ffccad2f000 	C:\WINDOWS\System32\WS2_32.dll
0x00007ffcc7b10000 - 0x00007ffcc7b28000 	C:\WINDOWS\SYSTEM32\kernel.appcore.dll
0x00007ffcc4140000 - 0x00007ffcc414a000 	C:\Program Files\Java\jdk-18.0.2.1\bin\jimage.dll
0x00007ffcb4cb0000 - 0x00007ffcb4ed1000 	C:\WINDOWS\SYSTEM32\DBGHELP.DLL
0x00007ffcb33b0000 - 0x00007ffcb33e1000 	C:\WINDOWS\SYSTEM32\dbgcore.DLL
0x00007ffcc8e70000 - 0x00007ffcc8eef000 	C:\WINDOWS\System32\bcryptPrimitives.dll
0x00007ffca9fc0000 - 0x00007ffca9fe5000 	C:\Program Files\Java\jdk-18.0.2.1\bin\java.dll
0x00007ffc883c0000 - 0x00007ffc88496000 	C:\Program Files\Java\jdk-18.0.2.1\bin\jsvml.dll
0x00007ffcca350000 - 0x00007ffccab08000 	C:\WINDOWS\System32\SHELL32.dll
0x00007ffcc6b80000 - 0x00007ffcc73e8000 	C:\WINDOWS\SYSTEM32\windows.storage.dll
0x00007ffcc9e70000 - 0x00007ffcca1e9000 	C:\WINDOWS\System32\combase.dll
0x00007ffcc6a10000 - 0x00007ffcc6b76000 	C:\WINDOWS\SYSTEM32\wintypes.dll
0x00007ffcc9700000 - 0x00007ffcc97ea000 	C:\WINDOWS\System32\SHCORE.dll
0x00007ffcc97f0000 - 0x00007ffcc984d000 	C:\WINDOWS\System32\shlwapi.dll
0x00007ffcc8950000 - 0x00007ffcc8971000 	C:\WINDOWS\SYSTEM32\profapi.dll
0x00007ffcaa0e0000 - 0x00007ffcaa0f3000 	C:\Program Files\Java\jdk-18.0.2.1\bin\net.dll
0x00007ffcc15b0000 - 0x00007ffcc16bc000 	C:\WINDOWS\SYSTEM32\WINHTTP.dll
0x00007ffcc7f40000 - 0x00007ffcc7fa7000 	C:\WINDOWS\system32\mswsock.dll
0x00007ffca9fa0000 - 0x00007ffca9fb6000 	C:\Program Files\Java\jdk-18.0.2.1\bin\nio.dll
0x00007ffc86f30000 - 0x00007ffc870bf000 	C:\Program Files\Java\jdk-18.0.2.1\bin\awt.dll
0x00007ffcc9ce0000 - 0x00007ffcc9db6000 	C:\WINDOWS\System32\OLEAUT32.dll
0x00007ffcc5f90000 - 0x00007ffcc6021000 	C:\WINDOWS\SYSTEM32\apphelp.dll
0x00007ffcc6130000 - 0x00007ffcc61dc000 	C:\WINDOWS\system32\uxtheme.dll
0x00007ffcc9bc0000 - 0x00007ffcc9cde000 	C:\WINDOWS\System32\MSCTF.dll
0x00007ffcc9560000 - 0x00007ffcc96fa000 	C:\WINDOWS\System32\ole32.dll
0x00007ffcc6420000 - 0x00007ffcc644f000 	C:\WINDOWS\system32\DWMAPI.DLL
0x00007ffc9bbf0000 - 0x00007ffc9bcf1000 	C:\WINDOWS\system32\opengl32.dll
0x00007ffc8c6e0000 - 0x00007ffc8c70d000 	C:\WINDOWS\SYSTEM32\GLU32.dll
0x00007ffcc6240000 - 0x00007ffcc6278000 	C:\WINDOWS\SYSTEM32\dxcore.dll
0x00007ffc6de30000 - 0x00007ffc6dfd6000 	C:\WINDOWS\system32\d3d9.dll
0x00007ffcbfc00000 - 0x00007ffcbfdba000 	C:\WINDOWS\System32\DriverStore\FileRepository\u0378899.inf_amd64_1040d414383f3dc2\B377184\aticfx64.dll
0x00007ffc65df0000 - 0x00007ffc65e24000 	C:\WINDOWS\System32\DriverStore\FileRepository\u0378899.inf_amd64_1040d414383f3dc2\B377184\atiu9p64.dll
0x00007ffc641f0000 - 0x00007ffc64f46000 	C:\WINDOWS\System32\DriverStore\FileRepository\u0378899.inf_amd64_1040d414383f3dc2\B377184\atiumd64.dll
0x000000006b850000 - 0x000000006c70f000 	C:\WINDOWS\System32\DriverStore\FileRepository\u0378899.inf_amd64_1040d414383f3dc2\B377184\atiumd6a.dll
0x00007ffccb090000 - 0x00007ffccb4fc000 	C:\WINDOWS\System32\SETUPAPI.dll
0x00007ffcc88f0000 - 0x00007ffcc893d000 	C:\WINDOWS\SYSTEM32\POWRPROF.dll
0x00007ffcc88d0000 - 0x00007ffcc88e3000 	C:\WINDOWS\SYSTEM32\UMPDC.dll
0x00007ffcc2b60000 - 0x00007ffcc2b90000 	C:\WINDOWS\SYSTEM32\amdihk64.dll
0x00007ffcc4df0000 - 0x00007ffcc4e34000 	C:\WINDOWS\SYSTEM32\directxdatabasehelper.dll
0x00007ffcc63c0000 - 0x00007ffcc63f4000 	C:\WINDOWS\SYSTEM32\ntmarta.dll
0x00007ffc87940000 - 0x00007ffc879c6000 	C:\Program Files\Java\jdk-18.0.2.1\bin\freetype.dll
0x00007ffc87890000 - 0x00007ffc87938000 	C:\Program Files\Java\jdk-18.0.2.1\bin\fontmanager.dll

dbghelp: loaded successfully - version: 4.0.5 - missing functions: none
symbol engine: initialized successfully - sym options: 0x614 - pdb path: .;C:\Program Files\Java\jdk-18.0.2.1\bin;C:\WINDOWS\SYSTEM32;C:\Program Files\Avast Software\Avast;C:\WINDOWS\WinSxS\amd64_microsoft.windows.common-controls_6595b64144ccf1df_6.0.22000.120_none_9d947278b86cc467;C:\Program Files\Java\jdk-18.0.2.1\bin\server;C:\WINDOWS\System32\DriverStore\FileRepository\u0378899.inf_amd64_1040d414383f3dc2\B377184

VM Arguments:
jvm_args: -Dfile.encoding=UTF-8 -XX:+ShowCodeDetailsInExceptionMessages 
java_command: MenentukanBilangan
java_class_path (initial): C:\Users\melani\eclipse-workspace\Praktikum_02_Selection_Repetition\bin;C:\Users\melani\Downloads\swt-4.25-win32-win32-x86_64.zip
Launcher Type: SUN_STANDARD

[Global flags]
     intx CICompilerCount                          = 3                                         {product} {ergonomic}
     uint ConcGCThreads                            = 1                                         {product} {ergonomic}
     uint G1ConcRefinementThreads                  = 4                                         {product} {ergonomic}
   size_t G1HeapRegionSize                         = 1048576                                   {product} {ergonomic}
    uintx GCDrainStackTargetSize                   = 64                                        {product} {ergonomic}
   size_t InitialHeapSize                          = 100663296                                 {product} {ergonomic}
   size_t MarkStackSize                            = 4194304                                   {product} {ergonomic}
   size_t MaxHeapSize                              = 1579155456                                {product} {ergonomic}
   size_t MaxNewSize                               = 946864128                                 {product} {ergonomic}
   size_t MinHeapDeltaBytes                        = 1048576                                   {product} {ergonomic}
   size_t MinHeapSize                              = 8388608                                   {product} {ergonomic}
    uintx NonNMethodCodeHeapSize                   = 5832780                                {pd product} {ergonomic}
    uintx NonProfiledCodeHeapSize                  = 122912730                              {pd product} {ergonomic}
    uintx ProfiledCodeHeapSize                     = 122912730                              {pd product} {ergonomic}
    uintx ReservedCodeCacheSize                    = 251658240                              {pd product} {ergonomic}
     bool SegmentedCodeCache                       = true                                      {product} {ergonomic}
     bool ShowCodeDetailsInExceptionMessages       = true                                   {manageable} {command line}
   size_t SoftMaxHeapSize                          = 1579155456                             {manageable} {ergonomic}
     bool UseCompressedClassPointers               = true                           {product lp64_product} {ergonomic}
     bool UseCompressedOops                        = true                           {product lp64_product} {ergonomic}
     bool UseG1GC                                  = true                                      {product} {ergonomic}
     bool UseLargePagesIndividualAllocation        = false                                  {pd product} {ergonomic}

Logging:
Log output configuration:
 #0: stdout all=warning uptime,level,tags foldmultilines=false
 #1: stderr all=off uptime,level,tags foldmultilines=false

Environment Variables:
PATH=C:/Program Files/Java/jdk-18.0.2.1/bin/server;C:/Program Files/Java/jdk-18.0.2.1/bin;C:\Program Files\Common Files\Oracle\Java\javapath;C:\WINDOWS\system32;C:\WINDOWS;C:\WINDOWS\System32\Wbem;C:\WINDOWS\System32\WindowsPowerShell\v1.0\;C:\WINDOWS\System32\OpenSSH\;C:\Users\melani\AppData\Local\Microsoft\WindowsApps;C:\Users\melani\AppData\Local\Programs\Microsoft VS Code\bin;C:\Users\melani\AppData\Local\atom\bin;C:\Users\melani\OneDrive\Desktop;
USERNAME=melani
OS=Windows_NT
PROCESSOR_IDENTIFIER=AMD64 Family 23 Model 24 Stepping 1, AuthenticAMD



---------------  S Y S T E M  ---------------

OS:
 Windows 11 , 64 bit Build 22000 (10.0.22000.708)
OS uptime: 2 days 5:46 hours

CPU: total 4 (initial active 4) (4 cores per cpu, 2 threads per core) family 23 model 24 stepping 1 microcode 0x0, cx8, cmov, fxsr, ht, mmx, 3dnowpref, sse, sse2, sse3, ssse3, sse4a, sse4.1, sse4.2, popcnt, lzcnt, tsc, tscinvbit, avx, avx2, aes, clmul, bmi1, bmi2, adx, sha, fma, vzeroupper, clflush, clflushopt

Memory: 4k page, system-wide physical 6023M (420M free)
TotalPageFile size 24455M (AvailPageFile size 2M)
current process WorkingSet (physical memory assigned to process): 57M, peak: 57M
current process commit charge ("private bytes"): 191M, peak: 191M

vm_info: Java HotSpot(TM) 64-Bit Server VM (18.0.2.1+1-1) for windows-amd64 JRE (18.0.2.1+1-1), built on Aug 16 2022 01:46:33 by "mach5one" with MS VC++ 16.8 / 16.9 (VS2019)

END.
