#
# There is insufficient memory for the Java Runtime Environment to continue.
# Native memory allocation (mmap) failed to map 65536 bytes for Failed to commit metaspace.
# Possible reasons:
#   The system is out of physical RAM or swap space
#   The process is running with CompressedOops enabled, and the Java Heap may be blocking the growth of the native heap
# Possible solutions:
#   Reduce memory load on the system
#   Increase physical memory or swap space
#   Check if swap backing store is full
#   Decrease Java heap size (-Xmx/-Xms)
#   Decrease number of Java threads
#   Decrease Java thread stack sizes (-Xss)
#   Set larger code cache with -XX:ReservedCodeCacheSize=
#   JVM is running with Unscaled Compressed Oops mode in which the Java heap is
#     placed in the first 4GB address space. The Java Heap base address is the
#     maximum limit for the native heap growth. Please use -XX:HeapBaseMinAddress
#     to set the Java Heap base and to place the Java Heap above 4GB virtual address.
# This output file may be truncated or incomplete.
#
#  Out of Memory Error (virtualSpaceNode.cpp:110), pid=8436, tid=17196
#
# JRE version: Java(TM) SE Runtime Environment (18.0.2.1+1) (build 18.0.2.1+1-1)
# Java VM: Java HotSpot(TM) 64-Bit Server VM (18.0.2.1+1-1, mixed mode, sharing, tiered, compressed oops, compressed class ptrs, g1 gc, windows-amd64)
# No core dump will be written. Minidumps are not enabled by default on client versions of Windows
#

---------------  S U M M A R Y ------------

Command Line: -Dfile.encoding=UTF-8 -XX:+ShowCodeDetailsInExceptionMessages MenentukanBilangan

Host: AMD Ryzen 3 3250U with Radeon Graphics         , 4 cores, 5G,  Windows 11 , 64 bit Build 22000 (10.0.22000.708)
Time: Wed Sep 28 07:41:22 2022 SE Asia Standard Time elapsed time: 0.460501 seconds (0d 0h 0m 0s)

---------------  T H R E A D  ---------------

Current thread (0x00000285fc600170):  JavaThread "AWT-Windows" daemon [_thread_in_vm, id=17196, stack(0x000000f3d0500000,0x000000f3d0600000)]

Stack: [0x000000f3d0500000,0x000000f3d0600000]
Native frames: (J=compiled Java code, j=interpreted, Vv=VM code, C=native code)
V  [jvm.dll+0x6993aa]
V  [jvm.dll+0x7f46dd]
V  [jvm.dll+0x7f5fee]
V  [jvm.dll+0x7f66a3]
V  [jvm.dll+0x25cf1f]
V  [jvm.dll+0x7f03eb]
V  [jvm.dll+0x63f526]
V  [jvm.dll+0x1d75ce]
V  [jvm.dll+0x641ecb]
V  [jvm.dll+0x641cce]
V  [jvm.dll+0x63feee]
V  [jvm.dll+0x38e1f2]
V  [jvm.dll+0x1fa60b]
V  [jvm.dll+0x55dc2e]
V  [jvm.dll+0x76eabd]
V  [jvm.dll+0x76ea1a]
V  [jvm.dll+0x42de11]
V  [jvm.dll+0x440a23]
C  [java.dll+0x1657]

Java frames: (J=compiled Java code, j=interpreted, Vv=VM code)
j  java.lang.ClassLoader.defineClass0(Ljava/lang/ClassLoader;Ljava/lang/Class;Ljava/lang/String;[BIILjava/security/ProtectionDomain;ZILjava/lang/Object;)Ljava/lang/Class;+0 java.base@18.0.2.1
j  java.lang.System$2.defineClass(Ljava/lang/ClassLoader;Ljava/lang/Class;Ljava/lang/String;[BLjava/security/ProtectionDomain;ZILjava/lang/Object;)Ljava/lang/Class;+17 java.base@18.0.2.1
j  java.lang.invoke.MethodHandles$Lookup$ClassDefiner.defineClass(ZLjava/lang/Object;)Ljava/lang/Class;+54 java.base@18.0.2.1
j  java.lang.invoke.InvokerBytecodeGenerator.loadMethod([B)Ljava/lang/invoke/MemberName;+19 java.base@18.0.2.1
j  java.lang.invoke.InvokerBytecodeGenerator.generateCustomizedCode(Ljava/lang/invoke/LambdaForm;Ljava/lang/invoke/MethodType;)Ljava/lang/invoke/MemberName;+30 java.base@18.0.2.1
j  java.lang.invoke.LambdaForm.compileToBytecode()V+69 java.base@18.0.2.1
j  java.lang.invoke.DirectMethodHandle.makePreparedLambdaForm(Ljava/lang/invoke/MethodType;I)Ljava/lang/invoke/LambdaForm;+792 java.base@18.0.2.1
J 417 c1 java.lang.invoke.DirectMethodHandle.preparedLambdaForm(Ljava/lang/invoke/MethodType;I)Ljava/lang/invoke/LambdaForm; java.base@18.0.2.1 (31 bytes) @ 0x00000285e3c35d9c [0x00000285e3c35a80+0x000000000000031c]
j  java.lang.invoke.DirectMethodHandle.preparedLambdaForm(Ljava/lang/invoke/MemberName;Z)Ljava/lang/invoke/LambdaForm;+159 java.base@18.0.2.1
j  java.lang.invoke.DirectMethodHandle.preparedLambdaForm(Ljava/lang/invoke/MemberName;)Ljava/lang/invoke/LambdaForm;+2 java.base@18.0.2.1
j  java.lang.invoke.DirectMethodHandle.make(BLjava/lang/Class;Ljava/lang/invoke/MemberName;Ljava/lang/Class;)Ljava/lang/invoke/DirectMethodHandle;+163 java.base@18.0.2.1
j  java.lang.invoke.MethodHandles$Lookup.getDirectMethodCommon(BLjava/lang/Class;Ljava/lang/invoke/MemberName;ZZLjava/lang/invoke/MethodHandles$Lookup;)Ljava/lang/invoke/MethodHandle;+210 java.base@18.0.2.1
j  java.lang.invoke.MethodHandles$Lookup.getDirectMethodNoSecurityManager(BLjava/lang/Class;Ljava/lang/invoke/MemberName;Ljava/lang/invoke/MethodHandles$Lookup;)Ljava/lang/invoke/MethodHandle;+14 java.base@18.0.2.1
j  java.lang.invoke.MethodHandles$Lookup.getDirectMethodForConstant(BLjava/lang/Class;Ljava/lang/invoke/MemberName;)Ljava/lang/invoke/MethodHandle;+31 java.base@18.0.2.1
j  java.lang.invoke.MethodHandles$Lookup.linkMethodHandleConstant(BLjava/lang/Class;Ljava/lang/String;Ljava/lang/Object;)Ljava/lang/invoke/MethodHandle;+153 java.base@18.0.2.1
j  java.lang.invoke.MethodHandleNatives.linkMethodHandleConstant(Ljava/lang/Class;ILjava/lang/Class;Ljava/lang/String;Ljava/lang/Object;)Ljava/lang/invoke/MethodHandle;+38 java.base@18.0.2.1
v  ~StubRoutines::call_stub
j  sun.awt.windows.WWindowPeer.displayChanged()V+5 java.desktop@18.0.2.1
j  sun.awt.windows.WWindowPeer.draggedToNewScreen()V+1 java.desktop@18.0.2.1
v  ~StubRoutines::call_stub
j  sun.awt.windows.WToolkit.eventLoop()V+0 java.desktop@18.0.2.1
j  sun.awt.windows.WToolkit.run()V+50 java.desktop@18.0.2.1
j  java.lang.Thread.run()V+11 java.base@18.0.2.1
v  ~StubRoutines::call_stub

---------------  P R O C E S S  ---------------

Threads class SMR info:
_java_thread_list=0x00000285fc7a36e0, length=16, elements={
0x00000285dbd87210, 0x00000285dbd8b7d0, 0x00000285f8281690, 0x00000285f8283b60,
0x00000285f8286120, 0x00000285f828b420, 0x00000285f828bd00, 0x00000285f828cb00,
0x00000285f82cf1d0, 0x00000285fc5965f0, 0x00000285fc59b770, 0x00000285fc5ff3f0,
0x00000285fc5ffcb0, 0x00000285fc600170, 0x00000285fc7c9ac0, 0x00000285dbcc4290
}

Java Threads: ( => current thread )
  0x00000285dbd87210 JavaThread "Reference Handler" daemon [_thread_blocked, id=15560, stack(0x000000f3cf700000,0x000000f3cf800000)]
  0x00000285dbd8b7d0 JavaThread "Finalizer" daemon [_thread_blocked, id=19956, stack(0x000000f3cf800000,0x000000f3cf900000)]
  0x00000285f8281690 JavaThread "Signal Dispatcher" daemon [_thread_blocked, id=10696, stack(0x000000f3cf900000,0x000000f3cfa00000)]
  0x00000285f8283b60 JavaThread "Attach Listener" daemon [_thread_blocked, id=1624, stack(0x000000f3cfa00000,0x000000f3cfb00000)]
  0x00000285f8286120 JavaThread "Service Thread" daemon [_thread_blocked, id=17864, stack(0x000000f3cfb00000,0x000000f3cfc00000)]
  0x00000285f828b420 JavaThread "Monitor Deflation Thread" daemon [_thread_blocked, id=28516, stack(0x000000f3cfc00000,0x000000f3cfd00000)]
  0x00000285f828bd00 JavaThread "C2 CompilerThread0" daemon [_thread_blocked, id=24308, stack(0x000000f3cfd00000,0x000000f3cfe00000)]
  0x00000285f828cb00 JavaThread "C1 CompilerThread0" daemon [_thread_blocked, id=28400, stack(0x000000f3cfe00000,0x000000f3cff00000)]
  0x00000285f82cf1d0 JavaThread "Sweeper thread" daemon [_thread_blocked, id=10744, stack(0x000000f3cff00000,0x000000f3d0000000)]
  0x00000285fc5965f0 JavaThread "Notification Thread" daemon [_thread_blocked, id=15632, stack(0x000000f3d0000000,0x000000f3d0100000)]
  0x00000285fc59b770 JavaThread "Common-Cleaner" daemon [_thread_blocked, id=12624, stack(0x000000f3d0200000,0x000000f3d0300000)]
  0x00000285fc5ff3f0 JavaThread "Java2D Disposer" daemon [_thread_blocked, id=8868, stack(0x000000f3d0300000,0x000000f3d0400000)]
  0x00000285fc5ffcb0 JavaThread "AWT-Shutdown" [_thread_blocked, id=23696, stack(0x000000f3d0400000,0x000000f3d0500000)]
=>0x00000285fc600170 JavaThread "AWT-Windows" daemon [_thread_in_vm, id=17196, stack(0x000000f3d0500000,0x000000f3d0600000)]
  0x00000285fc7c9ac0 JavaThread "AWT-EventQueue-0" [_thread_in_native, id=19248, stack(0x000000f3d0600000,0x000000f3d0700000)]
  0x00000285dbcc4290 JavaThread "DestroyJavaVM" [_thread_blocked, id=22508, stack(0x000000f3cf000000,0x000000f3cf100000)]

Other Threads:
  0x00000285dbd2ccb0 VMThread "VM Thread" [stack: 0x000000f3cf600000,0x000000f3cf700000] [id=22952]
  0x00000285fc598cd0 WatcherThread "VM Periodic Task Thread" [stack: 0x000000f3d0100000,0x000000f3d0200000] [id=22092]
  0x00000285dbd14fe0 WorkerThread "GC Thread#0" [stack: 0x000000f3cf100000,0x000000f3cf200000] [id=5660]
  0x00000285dbd21cb0 ConcurrentGCThread "G1 Main Marker" [stack: 0x000000f3cf200000,0x000000f3cf300000] [id=28236]
  0x00000285dbd238e0 WorkerThread "G1 Conc#0" [stack: 0x000000f3cf300000,0x000000f3cf400000] [id=19744]
  0x00000285dbd59f10 ConcurrentGCThread "G1 Refine#0" [stack: 0x000000f3cf400000,0x000000f3cf500000] [id=10464]
  0x00000285dbd5f5b0 ConcurrentGCThread "G1 Service" [stack: 0x000000f3cf500000,0x000000f3cf600000] [id=18844]

Threads with active compile tasks:

VM state: not at safepoint (normal execution)

VM Mutex/Monitor currently owned by a thread:  ([mutex/lock_event])
[0x00000285dbcbd890] Metaspace_lock - owner thread: 0x00000285fc600170

Heap address: 0x00000000a1e00000, size: 1506 MB, Compressed Oops mode: 32-bit

CDS archive(s) mapped at: [0x0000000800000000-0x0000000800ba0000-0x0000000800ba0000), size 12189696, SharedBaseAddress: 0x0000000800000000, ArchiveRelocationMode: 0.
Compressed class space mapped at: 0x0000000800c00000-0x0000000840c00000, reserved size: 1073741824
Narrow klass base: 0x0000000800000000, Narrow klass shift: 0, Narrow klass range: 0x100000000

GC Precious Log:
 CardTable entry size: 512
 Card Set container configuration: InlinePtr #cards 5 size 8 Array Of Cards #cards 12 size 40 Howl #buckets 4 coarsen threshold 1843 Howl Bitmap #cards 512 size 80 coarsen threshold 460 Card regions per heap region 1 cards per card region 2048
 CPUs: 4 total, 4 available
 Memory: 6023M
 Large Page Support: Disabled
 NUMA Support: Disabled
 Compressed Oops: Enabled (32-bit)
 Heap Region Size: 1M
 Heap Min Capacity: 8M
 Heap Initial Capacity: 96M
 Heap Max Capacity: 1506M
 Pre-touch: Disabled
 Parallel Workers: 4
 Concurrent Workers: 1
 Concurrent Refinement Workers: 4
 Periodic GC: Disabled

Heap:
 garbage-first heap   total 98304K, used 4096K [0x00000000a1e00000, 0x0000000100000000)
  region size 1024K, 5 young (5120K), 0 survivors (0K)
 Metaspace       used 5312K, committed 5504K, reserved 1114112K
  class space    used 614K, committed 704K, reserved 1048576K

Heap Regions: E=young(eden), S=young(survivor), O=old, HS=humongous(starts), HC=humongous(continues), CS=collection set, F=free, OA=open archive, CA=closed archive, TAMS=top-at-mark-start (previous, next)
|   0|0x00000000a1e00000, 0x00000000a1e00000, 0x00000000a1f00000|  0%| F|  |TAMS 0x00000000a1e00000, 0x00000000a1e00000| Untracked 
|   1|0x00000000a1f00000, 0x00000000a1f00000, 0x00000000a2000000|  0%| F|  |TAMS 0x00000000a1f00000, 0x00000000a1f00000| Untracked 
|   2|0x00000000a2000000, 0x00000000a2000000, 0x00000000a2100000|  0%| F|  |TAMS 0x00000000a2000000, 0x00000000a2000000| Untracked 
|   3|0x00000000a2100000, 0x00000000a2100000, 0x00000000a2200000|  0%| F|  |TAMS 0x00000000a2100000, 0x00000000a2100000| Untracked 
|   4|0x00000000a2200000, 0x00000000a2200000, 0x00000000a2300000|  0%| F|  |TAMS 0x00000000a2200000, 0x00000000a2200000| Untracked 
|   5|0x00000000a2300000, 0x00000000a2300000, 0x00000000a2400000|  0%| F|  |TAMS 0x00000000a2300000, 0x00000000a2300000| Untracked 
|   6|0x00000000a2400000, 0x00000000a2400000, 0x00000000a2500000|  0%| F|  |TAMS 0x00000000a2400000, 0x00000000a2400000| Untracked 
|   7|0x00000000a2500000, 0x00000000a2500000, 0x00000000a2600000|  0%| F|  |TAMS 0x00000000a2500000, 0x00000000a2500000| Untracked 
|   8|0x00000000a2600000, 0x00000000a2600000, 0x00000000a2700000|  0%| F|  |TAMS 0x00000000a2600000, 0x00000000a2600000| Untracked 
|   9|0x00000000a2700000, 0x00000000a2700000, 0x00000000a2800000|  0%| F|  |TAMS 0x00000000a2700000, 0x00000000a2700000| Untracked 
|  10|0x00000000a2800000, 0x00000000a2800000, 0x00000000a2900000|  0%| F|  |TAMS 0x00000000a2800000, 0x00000000a2800000| Untracked 
|  11|0x00000000a2900000, 0x00000000a2900000, 0x00000000a2a00000|  0%| F|  |TAMS 0x00000000a2900000, 0x00000000a2900000| Untracked 
|  12|0x00000000a2a00000, 0x00000000a2a00000, 0x00000000a2b00000|  0%| F|  |TAMS 0x00000000a2a00000, 0x00000000a2a00000| Untracked 
|  13|0x00000000a2b00000, 0x00000000a2b00000, 0x00000000a2c00000|  0%| F|  |TAMS 0x00000000a2b00000, 0x00000000a2b00000| Untracked 
|  14|0x00000000a2c00000, 0x00000000a2c00000, 0x00000000a2d00000|  0%| F|  |TAMS 0x00000000a2c00000, 0x00000000a2c00000| Untracked 
|  15|0x00000000a2d00000, 0x00000000a2d00000, 0x00000000a2e00000|  0%| F|  |TAMS 0x00000000a2d00000, 0x00000000a2d00000| Untracked 
|  16|0x00000000a2e00000, 0x00000000a2e00000, 0x00000000a2f00000|  0%| F|  |TAMS 0x00000000a2e00000, 0x00000000a2e00000| Untracked 
|  17|0x00000000a2f00000, 0x00000000a2f00000, 0x00000000a3000000|  0%| F|  |TAMS 0x00000000a2f00000, 0x00000000a2f00000| Untracked 
|  18|0x00000000a3000000, 0x00000000a3000000, 0x00000000a3100000|  0%| F|  |TAMS 0x00000000a3000000, 0x00000000a3000000| Untracked 
|  19|0x00000000a3100000, 0x00000000a3100000, 0x00000000a3200000|  0%| F|  |TAMS 0x00000000a3100000, 0x00000000a3100000| Untracked 
|  20|0x00000000a3200000, 0x00000000a3200000, 0x00000000a3300000|  0%| F|  |TAMS 0x00000000a3200000, 0x00000000a3200000| Untracked 
|  21|0x00000000a3300000, 0x00000000a3300000, 0x00000000a3400000|  0%| F|  |TAMS 0x00000000a3300000, 0x00000000a3300000| Untracked 
|  22|0x00000000a3400000, 0x00000000a3400000, 0x00000000a3500000|  0%| F|  |TAMS 0x00000000a3400000, 0x00000000a3400000| Untracked 
|  23|0x00000000a3500000, 0x00000000a3500000, 0x00000000a3600000|  0%| F|  |TAMS 0x00000000a3500000, 0x00000000a3500000| Untracked 
|  24|0x00000000a3600000, 0x00000000a3600000, 0x00000000a3700000|  0%| F|  |TAMS 0x00000000a3600000, 0x00000000a3600000| Untracked 
|  25|0x00000000a3700000, 0x00000000a3700000, 0x00000000a3800000|  0%| F|  |TAMS 0x00000000a3700000, 0x00000000a3700000| Untracked 
|  26|0x00000000a3800000, 0x00000000a3800000, 0x00000000a3900000|  0%| F|  |TAMS 0x00000000a3800000, 0x00000000a3800000| Untracked 
|  27|0x00000000a3900000, 0x00000000a3900000, 0x00000000a3a00000|  0%| F|  |TAMS 0x00000000a3900000, 0x00000000a3900000| Untracked 
|  28|0x00000000a3a00000, 0x00000000a3a00000, 0x00000000a3b00000|  0%| F|  |TAMS 0x00000000a3a00000, 0x00000000a3a00000| Untracked 
|  29|0x00000000a3b00000, 0x00000000a3b00000, 0x00000000a3c00000|  0%| F|  |TAMS 0x00000000a3b00000, 0x00000000a3b00000| Untracked 
|  30|0x00000000a3c00000, 0x00000000a3c00000, 0x00000000a3d00000|  0%| F|  |TAMS 0x00000000a3c00000, 0x00000000a3c00000| Untracked 
|  31|0x00000000a3d00000, 0x00000000a3d00000, 0x00000000a3e00000|  0%| F|  |TAMS 0x00000000a3d00000, 0x00000000a3d00000| Untracked 
|  32|0x00000000a3e00000, 0x00000000a3e00000, 0x00000000a3f00000|  0%| F|  |TAMS 0x00000000a3e00000, 0x00000000a3e00000| Untracked 
|  33|0x00000000a3f00000, 0x00000000a3f00000, 0x00000000a4000000|  0%| F|  |TAMS 0x00000000a3f00000, 0x00000000a3f00000| Untracked 
|  34|0x00000000a4000000, 0x00000000a4000000, 0x00000000a4100000|  0%| F|  |TAMS 0x00000000a4000000, 0x00000000a4000000| Untracked 
|  35|0x00000000a4100000, 0x00000000a4100000, 0x00000000a4200000|  0%| F|  |TAMS 0x00000000a4100000, 0x00000000a4100000| Untracked 
|  36|0x00000000a4200000, 0x00000000a4200000, 0x00000000a4300000|  0%| F|  |TAMS 0x00000000a4200000, 0x00000000a4200000| Untracked 
|  37|0x00000000a4300000, 0x00000000a4300000, 0x00000000a4400000|  0%| F|  |TAMS 0x00000000a4300000, 0x00000000a4300000| Untracked 
|  38|0x00000000a4400000, 0x00000000a4400000, 0x00000000a4500000|  0%| F|  |TAMS 0x00000000a4400000, 0x00000000a4400000| Untracked 
|  39|0x00000000a4500000, 0x00000000a4500000, 0x00000000a4600000|  0%| F|  |TAMS 0x00000000a4500000, 0x00000000a4500000| Untracked 
|  40|0x00000000a4600000, 0x00000000a4600000, 0x00000000a4700000|  0%| F|  |TAMS 0x00000000a4600000, 0x00000000a4600000| Untracked 
|  41|0x00000000a4700000, 0x00000000a4700000, 0x00000000a4800000|  0%| F|  |TAMS 0x00000000a4700000, 0x00000000a4700000| Untracked 
|  42|0x00000000a4800000, 0x00000000a4800000, 0x00000000a4900000|  0%| F|  |TAMS 0x00000000a4800000, 0x00000000a4800000| Untracked 
|  43|0x00000000a4900000, 0x00000000a4900000, 0x00000000a4a00000|  0%| F|  |TAMS 0x00000000a4900000, 0x00000000a4900000| Untracked 
|  44|0x00000000a4a00000, 0x00000000a4a00000, 0x00000000a4b00000|  0%| F|  |TAMS 0x00000000a4a00000, 0x00000000a4a00000| Untracked 
|  45|0x00000000a4b00000, 0x00000000a4b00000, 0x00000000a4c00000|  0%| F|  |TAMS 0x00000000a4b00000, 0x00000000a4b00000| Untracked 
|  46|0x00000000a4c00000, 0x00000000a4c00000, 0x00000000a4d00000|  0%| F|  |TAMS 0x00000000a4c00000, 0x00000000a4c00000| Untracked 
|  47|0x00000000a4d00000, 0x00000000a4d00000, 0x00000000a4e00000|  0%| F|  |TAMS 0x00000000a4d00000, 0x00000000a4d00000| Untracked 
|  48|0x00000000a4e00000, 0x00000000a4e00000, 0x00000000a4f00000|  0%| F|  |TAMS 0x00000000a4e00000, 0x00000000a4e00000| Untracked 
|  49|0x00000000a4f00000, 0x00000000a4f00000, 0x00000000a5000000|  0%| F|  |TAMS 0x00000000a4f00000, 0x00000000a4f00000| Untracked 
|  50|0x00000000a5000000, 0x00000000a5000000, 0x00000000a5100000|  0%| F|  |TAMS 0x00000000a5000000, 0x00000000a5000000| Untracked 
|  51|0x00000000a5100000, 0x00000000a5100000, 0x00000000a5200000|  0%| F|  |TAMS 0x00000000a5100000, 0x00000000a5100000| Untracked 
|  52|0x00000000a5200000, 0x00000000a5200000, 0x00000000a5300000|  0%| F|  |TAMS 0x00000000a5200000, 0x00000000a5200000| Untracked 
|  53|0x00000000a5300000, 0x00000000a5300000, 0x00000000a5400000|  0%| F|  |TAMS 0x00000000a5300000, 0x00000000a5300000| Untracked 
|  54|0x00000000a5400000, 0x00000000a5400000, 0x00000000a5500000|  0%| F|  |TAMS 0x00000000a5400000, 0x00000000a5400000| Untracked 
|  55|0x00000000a5500000, 0x00000000a5500000, 0x00000000a5600000|  0%| F|  |TAMS 0x00000000a5500000, 0x00000000a5500000| Untracked 
|  56|0x00000000a5600000, 0x00000000a5600000, 0x00000000a5700000|  0%| F|  |TAMS 0x00000000a5600000, 0x00000000a5600000| Untracked 
|  57|0x00000000a5700000, 0x00000000a5700000, 0x00000000a5800000|  0%| F|  |TAMS 0x00000000a5700000, 0x00000000a5700000| Untracked 
|  58|0x00000000a5800000, 0x00000000a5800000, 0x00000000a5900000|  0%| F|  |TAMS 0x00000000a5800000, 0x00000000a5800000| Untracked 
|  59|0x00000000a5900000, 0x00000000a5900000, 0x00000000a5a00000|  0%| F|  |TAMS 0x00000000a5900000, 0x00000000a5900000| Untracked 
|  60|0x00000000a5a00000, 0x00000000a5a00000, 0x00000000a5b00000|  0%| F|  |TAMS 0x00000000a5a00000, 0x00000000a5a00000| Untracked 
|  61|0x00000000a5b00000, 0x00000000a5b00000, 0x00000000a5c00000|  0%| F|  |TAMS 0x00000000a5b00000, 0x00000000a5b00000| Untracked 
|  62|0x00000000a5c00000, 0x00000000a5c00000, 0x00000000a5d00000|  0%| F|  |TAMS 0x00000000a5c00000, 0x00000000a5c00000| Untracked 
|  63|0x00000000a5d00000, 0x00000000a5d00000, 0x00000000a5e00000|  0%| F|  |TAMS 0x00000000a5d00000, 0x00000000a5d00000| Untracked 
|  64|0x00000000a5e00000, 0x00000000a5e00000, 0x00000000a5f00000|  0%| F|  |TAMS 0x00000000a5e00000, 0x00000000a5e00000| Untracked 
|  65|0x00000000a5f00000, 0x00000000a5f00000, 0x00000000a6000000|  0%| F|  |TAMS 0x00000000a5f00000, 0x00000000a5f00000| Untracked 
|  66|0x00000000a6000000, 0x00000000a6000000, 0x00000000a6100000|  0%| F|  |TAMS 0x00000000a6000000, 0x00000000a6000000| Untracked 
|  67|0x00000000a6100000, 0x00000000a6100000, 0x00000000a6200000|  0%| F|  |TAMS 0x00000000a6100000, 0x00000000a6100000| Untracked 
|  68|0x00000000a6200000, 0x00000000a6200000, 0x00000000a6300000|  0%| F|  |TAMS 0x00000000a6200000, 0x00000000a6200000| Untracked 
|  69|0x00000000a6300000, 0x00000000a6300000, 0x00000000a6400000|  0%| F|  |TAMS 0x00000000a6300000, 0x00000000a6300000| Untracked 
|  70|0x00000000a6400000, 0x00000000a6400000, 0x00000000a6500000|  0%| F|  |TAMS 0x00000000a6400000, 0x00000000a6400000| Untracked 
|  71|0x00000000a6500000, 0x00000000a6500000, 0x00000000a6600000|  0%| F|  |TAMS 0x00000000a6500000, 0x00000000a6500000| Untracked 
|  72|0x00000000a6600000, 0x00000000a6600000, 0x00000000a6700000|  0%| F|  |TAMS 0x00000000a6600000, 0x00000000a6600000| Untracked 
|  73|0x00000000a6700000, 0x00000000a6700000, 0x00000000a6800000|  0%| F|  |TAMS 0x00000000a6700000, 0x00000000a6700000| Untracked 
|  74|0x00000000a6800000, 0x00000000a6800000, 0x00000000a6900000|  0%| F|  |TAMS 0x00000000a6800000, 0x00000000a6800000| Untracked 
|  75|0x00000000a6900000, 0x00000000a6900000, 0x00000000a6a00000|  0%| F|  |TAMS 0x00000000a6900000, 0x00000000a6900000| Untracked 
|  76|0x00000000a6a00000, 0x00000000a6a00000, 0x00000000a6b00000|  0%| F|  |TAMS 0x00000000a6a00000, 0x00000000a6a00000| Untracked 
|  77|0x00000000a6b00000, 0x00000000a6b00000, 0x00000000a6c00000|  0%| F|  |TAMS 0x00000000a6b00000, 0x00000000a6b00000| Untracked 
|  78|0x00000000a6c00000, 0x00000000a6c00000, 0x00000000a6d00000|  0%| F|  |TAMS 0x00000000a6c00000, 0x00000000a6c00000| Untracked 
|  79|0x00000000a6d00000, 0x00000000a6d00000, 0x00000000a6e00000|  0%| F|  |TAMS 0x00000000a6d00000, 0x00000000a6d00000| Untracked 
|  80|0x00000000a6e00000, 0x00000000a6e00000, 0x00000000a6f00000|  0%| F|  |TAMS 0x00000000a6e00000, 0x00000000a6e00000| Untracked 
|  81|0x00000000a6f00000, 0x00000000a6f00000, 0x00000000a7000000|  0%| F|  |TAMS 0x00000000a6f00000, 0x00000000a6f00000| Untracked 
|  82|0x00000000a7000000, 0x00000000a7000000, 0x00000000a7100000|  0%| F|  |TAMS 0x00000000a7000000, 0x00000000a7000000| Untracked 
|  83|0x00000000a7100000, 0x00000000a7100000, 0x00000000a7200000|  0%| F|  |TAMS 0x00000000a7100000, 0x00000000a7100000| Untracked 
|  84|0x00000000a7200000, 0x00000000a7200000, 0x00000000a7300000|  0%| F|  |TAMS 0x00000000a7200000, 0x00000000a7200000| Untracked 
|  85|0x00000000a7300000, 0x00000000a7300000, 0x00000000a7400000|  0%| F|  |TAMS 0x00000000a7300000, 0x00000000a7300000| Untracked 
|  86|0x00000000a7400000, 0x00000000a7400000, 0x00000000a7500000|  0%| F|  |TAMS 0x00000000a7400000, 0x00000000a7400000| Untracked 
|  87|0x00000000a7500000, 0x00000000a7500000, 0x00000000a7600000|  0%| F|  |TAMS 0x00000000a7500000, 0x00000000a7500000| Untracked 
|  88|0x00000000a7600000, 0x00000000a7600000, 0x00000000a7700000|  0%| F|  |TAMS 0x00000000a7600000, 0x00000000a7600000| Untracked 
|  89|0x00000000a7700000, 0x00000000a7700000, 0x00000000a7800000|  0%| F|  |TAMS 0x00000000a7700000, 0x00000000a7700000| Untracked 
|  90|0x00000000a7800000, 0x00000000a7800000, 0x00000000a7900000|  0%| F|  |TAMS 0x00000000a7800000, 0x00000000a7800000| Untracked 
|  91|0x00000000a7900000, 0x00000000a7985a28, 0x00000000a7a00000| 52%| E|  |TAMS 0x00000000a7900000, 0x00000000a7900000| Complete 
|  92|0x00000000a7a00000, 0x00000000a7b00000, 0x00000000a7b00000|100%| E|CS|TAMS 0x00000000a7a00000, 0x00000000a7a00000| Complete 
|  93|0x00000000a7b00000, 0x00000000a7c00000, 0x00000000a7c00000|100%| E|CS|TAMS 0x00000000a7b00000, 0x00000000a7b00000| Complete 
|  94|0x00000000a7c00000, 0x00000000a7d00000, 0x00000000a7d00000|100%| E|CS|TAMS 0x00000000a7c00000, 0x00000000a7c00000| Complete 
|  95|0x00000000a7d00000, 0x00000000a7e00000, 0x00000000a7e00000|100%| E|CS|TAMS 0x00000000a7d00000, 0x00000000a7d00000| Complete 

Card table byte_map: [0x00000285f2900000,0x00000285f2c00000] _byte_map_base: 0x00000285f23f1000

Marking Bits (Prev, Next): (CMBitMap*) 0x00000285dbd155e0, (CMBitMap*) 0x00000285dbd15620
 Prev Bits: [0x00000285f2f00000, 0x00000285f4688000)
 Next Bits: [0x00000285f4690000, 0x00000285f5e18000)

Polling page: 0x00000285d9cb0000

Metaspace:

Usage:
  Non-class:      4.59 MB used.
      Class:    614.79 KB used.
       Both:      5.19 MB used.

Virtual space:
  Non-class space:       64.00 MB reserved,       4.69 MB (  7%) committed,  1 nodes.
      Class space:        1.00 GB reserved,     704.00 KB ( <1%) committed,  1 nodes.
             Both:        1.06 GB reserved,       5.38 MB ( <1%) committed. 

Chunk freelists:
   Non-Class:  2.90 MB
       Class:  3.25 MB
        Both:  6.15 MB

MaxMetaspaceSize: unlimited
CompressedClassSpaceSize: 1.00 GB
Initial GC threshold: 21.00 MB
Current GC threshold: 21.00 MB
CDS: on
MetaspaceReclaimPolicy: balanced
 - commit_granule_bytes: 65536.
 - commit_granule_words: 8192.
 - virtual_space_node_default_size: 8388608.
 - enlarge_chunks_in_place: 1.
 - new_chunks_are_fully_committed: 0.
 - uncommit_free_chunks: 1.
 - use_allocation_guard: 0.


Internal statistics:

num_allocs_failed_limit: 0.
num_arena_births: 98.
num_arena_deaths: 0.
num_vsnodes_births: 2.
num_vsnodes_deaths: 0.
num_space_committed: 86.
num_space_uncommitted: 0.
num_chunks_returned_to_freelist: 0.
num_chunks_taken_from_freelist: 131.
num_chunk_merges: 0.
num_chunk_splits: 74.
num_chunks_enlarged: 21.
num_inconsistent_stats: 0.

CodeHeap 'non-profiled nmethods': size=120000Kb used=129Kb max_used=129Kb free=119870Kb
 bounds [0x00000285eb0d0000, 0x00000285eb340000, 0x00000285f2600000]
CodeHeap 'profiled nmethods': size=120000Kb used=715Kb max_used=715Kb free=119284Kb
 bounds [0x00000285e3ba0000, 0x00000285e3e10000, 0x00000285eb0d0000]
CodeHeap 'non-nmethods': size=5760Kb used=1203Kb max_used=1217Kb free=4556Kb
 bounds [0x00000285e3600000, 0x00000285e3870000, 0x00000285e3ba0000]
 total_blobs=990 nmethods=492 adapters=411
 compilation: enabled
              stopped_count=0, restarted_count=0
 full_count=0

Compilation events (20 events):
Event: 0.446 Thread 0x00000285f828cb00 nmethod 480 0x00000285e3c4ca90 code [0x00000285e3c4cc20, 0x00000285e3c4cd78]
Event: 0.446 Thread 0x00000285f828cb00  481       3       java.lang.invoke.BoundMethodHandle::<init> (32 bytes)
Event: 0.447 Thread 0x00000285f828cb00 nmethod 481 0x00000285e3c4ce10 code [0x00000285e3c4cfc0, 0x00000285e3c4d128]
Event: 0.448 Thread 0x00000285f828cb00  482  s    3       java.util.Hashtable::get (69 bytes)
Event: 0.449 Thread 0x00000285f828cb00 nmethod 482 0x00000285e3c4d210 code [0x00000285e3c4d3e0, 0x00000285e3c4d938]
Event: 0.449 Thread 0x00000285f828cb00  483   !   3       javax.swing.UIDefaults::getFromHashtable (239 bytes)
Event: 0.449 Thread 0x00000285f828cb00 nmethod 483 0x00000285e3c4db10 code [0x00000285e3c4de20, 0x00000285e3c4f308]
Event: 0.449 Thread 0x00000285f828cb00  484       1       java.awt.Component::getObjectLock (5 bytes)
Event: 0.449 Thread 0x00000285f828cb00 nmethod 484 0x00000285eb0efe90 code [0x00000285eb0f0020, 0x00000285eb0f00f8]
Event: 0.449 Thread 0x00000285f828cb00  485       3       javax.swing.SwingUtilities::appContextGet (8 bytes)
Event: 0.450 Thread 0x00000285f828cb00 nmethod 485 0x00000285e3c4f890 code [0x00000285e3c4fa40, 0x00000285e3c4fb98]
Event: 0.451 Thread 0x00000285f828bd00  486       4       java.util.HashMap::afterNodeInsertion (1 bytes)
Event: 0.451 Thread 0x00000285f828cb00  487       3       java.util.HashSet::add (20 bytes)
Event: 0.451 Thread 0x00000285f828cb00 nmethod 487 0x00000285e3c4fc90 code [0x00000285e3c4fe40, 0x00000285e3c50068]
Event: 0.451 Thread 0x00000285f828bd00 nmethod 486 0x00000285eb0f0190 code [0x00000285eb0f0300, 0x00000285eb0f0378]
Event: 0.451 Thread 0x00000285f828cb00  488       3       java.lang.Integer::hashCode (8 bytes)
Event: 0.451 Thread 0x00000285f828cb00 nmethod 488 0x00000285e3c50110 code [0x00000285e3c502a0, 0x00000285e3c503f8]
Event: 0.451 Thread 0x00000285f828cb00  489       3       java.lang.Integer::hashCode (2 bytes)
Event: 0.452 Thread 0x00000285f828cb00 nmethod 489 0x00000285e3c50490 code [0x00000285e3c50620, 0x00000285e3c50718]
Event: 0.456 Thread 0x00000285f828cb00  490       3       java.lang.invoke.DirectMethodHandle::make (275 bytes)

GC Heap History (0 events):
No events

Deoptimization events (0 events):
No events

Classes loaded (20 events):
Event: 0.450 Loading class sun/awt/windows/WWindowPeer done
Event: 0.450 Loading class sun/awt/windows/WFramePeer done
Event: 0.450 Loading class sun/awt/windows/WWindowPeer$ActiveWindowListener
Event: 0.450 Loading class sun/awt/windows/WWindowPeer$ActiveWindowListener done
Event: 0.451 Loading class sun/awt/windows/WWindowPeer$GuiDisposedListener
Event: 0.451 Loading class sun/awt/windows/WWindowPeer$GuiDisposedListener done
Event: 0.451 Loading class sun/awt/RepaintArea
Event: 0.451 Loading class sun/awt/RepaintArea done
Event: 0.451 Loading class sun/awt/ExtendedKeyCodes
Event: 0.451 Loading class sun/awt/ExtendedKeyCodes done
Event: 0.453 Loading class sun/awt/EmbeddedFrame
Event: 0.453 Loading class sun/awt/EmbeddedFrame done
Event: 0.453 Loading class sun/awt/LightweightFrame
Event: 0.453 Loading class sun/awt/LightweightFrame done
Event: 0.453 Loading class sun/awt/im/InputMethodWindow
Event: 0.453 Loading class sun/awt/im/InputMethodWindow done
Event: 0.455 Loading class sun/awt/windows/WComponentPeer$2
Event: 0.455 Loading class sun/awt/windows/WComponentPeer$2 done
Event: 0.455 Loading class javax/swing/RepaintManager$2
Event: 0.455 Loading class javax/swing/RepaintManager$2 done

Classes unloaded (0 events):
No events

Classes redefined (0 events):
No events

Internal exceptions (11 events):
Event: 0.141 Thread 0x00000285dbcc4290 Exception <a 'java/lang/ClassNotFoundException'{0x00000000a7c44930}: sun/awt/resources/spi/awtProvider> (0x00000000a7c44930) 
thrown [s\open\src\hotspot\share\classfile\systemDictionary.cpp, line 255]
Event: 0.169 Thread 0x00000285dbcc4290 Exception <a 'java/io/FileNotFoundException'{0x00000000a7c99d20}> (0x00000000a7c99d20) 
thrown [s\open\src\hotspot\share\prims\jni.cpp, line 516]
Event: 0.178 Thread 0x00000285dbcc4290 Exception <a 'java/io/FileNotFoundException'{0x00000000a7cc6d50}> (0x00000000a7cc6d50) 
thrown [s\open\src\hotspot\share\prims\jni.cpp, line 516]
Event: 0.215 Thread 0x00000285dbcc4290 Exception <a 'java/lang/NoSuchMethodError'{0x00000000a7cfbea8}: 'java.lang.Object java.lang.invoke.DirectMethodHandle$Holder.invokeStaticInit(java.lang.Object)'> (0x00000000a7cfbea8) 
thrown [s\open\src\hotspot\share\interpreter\linkResolver.cpp, line 759]
Event: 0.334 Thread 0x00000285fc7c9ac0 Exception <a 'java/lang/NoSuchMethodError'{0x00000000a7a0beb0}: 'void java.lang.invoke.DirectMethodHandle$Holder.invokeSpecial(java.lang.Object, java.lang.Object, java.lang.Object)'> (0x00000000a7a0beb0) 
thrown [s\open\src\hotspot\share\interpreter\linkResolver.cpp, line 759]
Event: 0.344 Thread 0x00000285fc7c9ac0 Exception <a 'java/lang/NoSuchMethodError'{0x00000000a7a36e88}: 'java.lang.Object java.lang.invoke.DirectMethodHandle$Holder.newInvokeSpecial(java.lang.Object, java.lang.Object, java.lang.Object, java.lang.Object, java.lang.Object)'> (0x00000000a7a36e88) 
thrown [s\open\src\hotspot\share\interpreter\linkResolver.cpp, line 759]
Event: 0.355 Thread 0x00000285fc7c9ac0 Exception <a 'java/lang/NoSuchMethodError'{0x00000000a7a68ca0}: 'java.lang.Object java.lang.invoke.DirectMethodHandle$Holder.invokeStatic(java.lang.Object, int, java.lang.Object)'> (0x00000000a7a68ca0) 
thrown [s\open\src\hotspot\share\interpreter\linkResolver.cpp, line 759]
Event: 0.399 Thread 0x00000285fc7c9ac0 Exception <a 'java/lang/ClassNotFoundException'{0x00000000a79260b0}: com/sun/swing/internal/plaf/metal/resources/spi/metalProvider> (0x00000000a79260b0) 
thrown [s\open\src\hotspot\share\classfile\systemDictionary.cpp, line 255]
Event: 0.400 Thread 0x00000285fc7c9ac0 Exception <a 'java/lang/ClassNotFoundException'{0x00000000a792a118}: com/sun/swing/internal/plaf/basic/resources/spi/basicProvider> (0x00000000a792a118) 
thrown [s\open\src\hotspot\share\classfile\systemDictionary.cpp, line 255]
Event: 0.413 Thread 0x00000285fc7c9ac0 Exception <a 'java/lang/NoSuchMethodError'{0x00000000a794ad68}: 'int java.lang.invoke.Invokers$Holder.invokeExact_MT(java.lang.Object, java.lang.Object)'> (0x00000000a794ad68) 
thrown [s\open\src\hotspot\share\interpreter\linkResolver.cpp, line 759]
Event: 0.456 Thread 0x00000285fc600170 Exception <a 'java/lang/NoSuchMethodError'{0x00000000a7b52ce8}: 'void java.lang.invoke.DirectMethodHandle$Holder.invokeVirtual(java.lang.Object, java.lang.Object)'> (0x00000000a7b52ce8) 
thrown [s\open\src\hotspot\share\interpreter\linkResolver.cpp, line 759]

VM Operations (6 events):
Event: 0.398 Executing VM operation: HandshakeAllThreads
Event: 0.398 Executing VM operation: HandshakeAllThreads done
Event: 0.436 Executing VM operation: HandshakeAllThreads
Event: 0.436 Executing VM operation: HandshakeAllThreads done
Event: 0.439 Executing VM operation: HandshakeAllThreads
Event: 0.439 Executing VM operation: HandshakeAllThreads done

Events (20 events):
Event: 0.037 Thread 0x00000285dbd8b7d0 Thread added: 0x00000285dbd8b7d0
Event: 0.058 Thread 0x00000285f8281690 Thread added: 0x00000285f8281690
Event: 0.058 Thread 0x00000285f8283b60 Thread added: 0x00000285f8283b60
Event: 0.058 Thread 0x00000285f8286120 Thread added: 0x00000285f8286120
Event: 0.058 Thread 0x00000285f828b420 Thread added: 0x00000285f828b420
Event: 0.059 Thread 0x00000285f828bd00 Thread added: 0x00000285f828bd00
Event: 0.059 Thread 0x00000285f828cb00 Thread added: 0x00000285f828cb00
Event: 0.059 Thread 0x00000285f82cf1d0 Thread added: 0x00000285f82cf1d0
Event: 0.087 Thread 0x00000285fc5965f0 Thread added: 0x00000285fc5965f0
Event: 0.094 Thread 0x00000285fc59b770 Thread added: 0x00000285fc59b770
Event: 0.117 Loaded shared library C:\Program Files\Java\jdk-18.0.2.1\bin\jimage.dll
Event: 0.133 Loaded shared library C:\Program Files\Java\jdk-18.0.2.1\bin\net.dll
Event: 0.135 Loaded shared library C:\Program Files\Java\jdk-18.0.2.1\bin\nio.dll
Event: 0.153 Loaded shared library C:\Program Files\Java\jdk-18.0.2.1\bin\awt.dll
Event: 0.216 Thread 0x00000285fc5ff3f0 Thread added: 0x00000285fc5ff3f0
Event: 0.218 Thread 0x00000285fc5ffcb0 Thread added: 0x00000285fc5ffcb0
Event: 0.219 Thread 0x00000285fc600170 Thread added: 0x00000285fc600170
Event: 0.235 Thread 0x00000285fc7c9ac0 Thread added: 0x00000285fc7c9ac0
Event: 0.235 Thread 0x00000285dbcc4290 Thread exited: 0x00000285dbcc4290
Event: 0.236 Thread 0x00000285dbcc4290 Thread added: 0x00000285dbcc4290


Dynamic libraries:
0x00007ff7f5f40000 - 0x00007ff7f5f50000 	C:\Program Files\Java\jdk-18.0.2.1\bin\javaw.exe
0x00007ffccb540000 - 0x00007ffccb749000 	C:\WINDOWS\SYSTEM32\ntdll.dll
0x00007ffcaad60000 - 0x00007ffcaad77000 	C:\Program Files\Avast Software\Avast\aswhook.dll
0x00007ffcc9860000 - 0x00007ffcc991d000 	C:\WINDOWS\System32\KERNEL32.DLL
0x00007ffcc8af0000 - 0x00007ffcc8e6c000 	C:\WINDOWS\System32\KERNELBASE.dll
0x00007ffcc9060000 - 0x00007ffcc9171000 	C:\WINDOWS\System32\ucrtbase.dll
0x00007ffcab510000 - 0x00007ffcab528000 	C:\Program Files\Java\jdk-18.0.2.1\bin\jli.dll
0x00007ffcca2a0000 - 0x00007ffcca34e000 	C:\WINDOWS\System32\ADVAPI32.dll
0x00007ffcc9dc0000 - 0x00007ffcc9e63000 	C:\WINDOWS\System32\msvcrt.dll
0x00007ffccad30000 - 0x00007ffccadce000 	C:\WINDOWS\System32\sechost.dll
0x00007ffcc93d0000 - 0x00007ffcc94f0000 	C:\WINDOWS\System32\RPCRT4.dll
0x00007ffccadd0000 - 0x00007ffccaf7d000 	C:\WINDOWS\System32\USER32.dll
0x00007ffcc8a20000 - 0x00007ffcc8a46000 	C:\WINDOWS\System32\win32u.dll
0x00007ffccb060000 - 0x00007ffccb089000 	C:\WINDOWS\System32\GDI32.dll
0x00007ffcc92b0000 - 0x00007ffcc93c9000 	C:\WINDOWS\System32\gdi32full.dll
0x00007ffcc8a50000 - 0x00007ffcc8aed000 	C:\WINDOWS\System32\msvcp_win.dll
0x00007ffcaa1e0000 - 0x00007ffcaa1fa000 	C:\Program Files\Java\jdk-18.0.2.1\bin\VCRUNTIME140.dll
0x00007ffcb33f0000 - 0x00007ffcb3695000 	C:\WINDOWS\WinSxS\amd64_microsoft.windows.common-controls_6595b64144ccf1df_6.0.22000.120_none_9d947278b86cc467\COMCTL32.dll
0x00007ffcc0520000 - 0x00007ffcc052a000 	C:\WINDOWS\SYSTEM32\VERSION.dll
0x00007ffccac70000 - 0x00007ffccaca1000 	C:\WINDOWS\System32\IMM32.DLL
0x00007ffca9ee0000 - 0x00007ffca9eec000 	C:\Program Files\Java\jdk-18.0.2.1\bin\vcruntime140_1.dll
0x00007ffc8c300000 - 0x00007ffc8c38d000 	C:\Program Files\Java\jdk-18.0.2.1\bin\msvcp140.dll
0x00007ffc337f0000 - 0x00007ffc34401000 	C:\Program Files\Java\jdk-18.0.2.1\bin\server\jvm.dll
0x00007ffcc9920000 - 0x00007ffcc9928000 	C:\WINDOWS\System32\PSAPI.DLL
0x00007ffcc2510000 - 0x00007ffcc2543000 	C:\WINDOWS\SYSTEM32\WINMM.dll
0x00007ffcaffc0000 - 0x00007ffcaffc9000 	C:\WINDOWS\SYSTEM32\WSOCK32.dll
0x00007ffccacc0000 - 0x00007ffccad2f000 	C:\WINDOWS\System32\WS2_32.dll
0x00007ffcc7b10000 - 0x00007ffcc7b28000 	C:\WINDOWS\SYSTEM32\kernel.appcore.dll
0x00007ffcc4140000 - 0x00007ffcc414a000 	C:\Program Files\Java\jdk-18.0.2.1\bin\jimage.dll
0x00007ffcb4cb0000 - 0x00007ffcb4ed1000 	C:\WINDOWS\SYSTEM32\DBGHELP.DLL
0x00007ffcb33b0000 - 0x00007ffcb33e1000 	C:\WINDOWS\SYSTEM32\dbgcore.DLL
0x00007ffcc8e70000 - 0x00007ffcc8eef000 	C:\WINDOWS\System32\bcryptPrimitives.dll
0x00007ffca9fc0000 - 0x00007ffca9fe5000 	C:\Program Files\Java\jdk-18.0.2.1\bin\java.dll
0x00007ffc883c0000 - 0x00007ffc88496000 	C:\Program Files\Java\jdk-18.0.2.1\bin\jsvml.dll
0x00007ffcca350000 - 0x00007ffccab08000 	C:\WINDOWS\System32\SHELL32.dll
0x00007ffcc6b80000 - 0x00007ffcc73e8000 	C:\WINDOWS\SYSTEM32\windows.storage.dll
0x00007ffcc9e70000 - 0x00007ffcca1e9000 	C:\WINDOWS\System32\combase.dll
0x00007ffcc6a10000 - 0x00007ffcc6b76000 	C:\WINDOWS\SYSTEM32\wintypes.dll
0x00007ffcc9700000 - 0x00007ffcc97ea000 	C:\WINDOWS\System32\SHCORE.dll
0x00007ffcc97f0000 - 0x00007ffcc984d000 	C:\WINDOWS\System32\shlwapi.dll
0x00007ffcc8950000 - 0x00007ffcc8971000 	C:\WINDOWS\SYSTEM32\profapi.dll
0x00007ffcaa0e0000 - 0x00007ffcaa0f3000 	C:\Program Files\Java\jdk-18.0.2.1\bin\net.dll
0x00007ffcc15b0000 - 0x00007ffcc16bc000 	C:\WINDOWS\SYSTEM32\WINHTTP.dll
0x00007ffcc7f40000 - 0x00007ffcc7fa7000 	C:\WINDOWS\system32\mswsock.dll
0x00007ffca9fa0000 - 0x00007ffca9fb6000 	C:\Program Files\Java\jdk-18.0.2.1\bin\nio.dll
0x00007ffc86f30000 - 0x00007ffc870bf000 	C:\Program Files\Java\jdk-18.0.2.1\bin\awt.dll
0x00007ffcc9ce0000 - 0x00007ffcc9db6000 	C:\WINDOWS\System32\OLEAUT32.dll
0x00007ffcc5f90000 - 0x00007ffcc6021000 	C:\WINDOWS\SYSTEM32\apphelp.dll
0x00007ffcc6130000 - 0x00007ffcc61dc000 	C:\WINDOWS\system32\uxtheme.dll
0x00007ffcc9bc0000 - 0x00007ffcc9cde000 	C:\WINDOWS\System32\MSCTF.dll
0x00007ffcc9560000 - 0x00007ffcc96fa000 	C:\WINDOWS\System32\ole32.dll
0x00007ffcc6420000 - 0x00007ffcc644f000 	C:\WINDOWS\system32\DWMAPI.DLL
0x00007ffc9bbf0000 - 0x00007ffc9bcf1000 	C:\WINDOWS\system32\opengl32.dll
0x00007ffc8c6e0000 - 0x00007ffc8c70d000 	C:\WINDOWS\SYSTEM32\GLU32.dll
0x00007ffcc6240000 - 0x00007ffcc6278000 	C:\WINDOWS\SYSTEM32\dxcore.dll
0x00007ffc6de30000 - 0x00007ffc6dfd6000 	C:\WINDOWS\system32\d3d9.dll
0x00007ffcbfc00000 - 0x00007ffcbfdba000 	C:\WINDOWS\System32\DriverStore\FileRepository\u0378899.inf_amd64_1040d414383f3dc2\B377184\aticfx64.dll
0x00007ffc65df0000 - 0x00007ffc65e24000 	C:\WINDOWS\System32\DriverStore\FileRepository\u0378899.inf_amd64_1040d414383f3dc2\B377184\atiu9p64.dll
0x00007ffc641f0000 - 0x00007ffc64f46000 	C:\WINDOWS\System32\DriverStore\FileRepository\u0378899.inf_amd64_1040d414383f3dc2\B377184\atiumd64.dll
0x000000006b850000 - 0x000000006c70f000 	C:\WINDOWS\System32\DriverStore\FileRepository\u0378899.inf_amd64_1040d414383f3dc2\B377184\atiumd6a.dll
0x00007ffccb090000 - 0x00007ffccb4fc000 	C:\WINDOWS\System32\SETUPAPI.dll
0x00007ffcc88f0000 - 0x00007ffcc893d000 	C:\WINDOWS\SYSTEM32\POWRPROF.dll
0x00007ffcc88d0000 - 0x00007ffcc88e3000 	C:\WINDOWS\SYSTEM32\UMPDC.dll
0x00007ffcc2b60000 - 0x00007ffcc2b90000 	C:\WINDOWS\SYSTEM32\amdihk64.dll
0x00007ffcc4df0000 - 0x00007ffcc4e34000 	C:\WINDOWS\SYSTEM32\directxdatabasehelper.dll
0x00007ffcc63c0000 - 0x00007ffcc63f4000 	C:\WINDOWS\SYSTEM32\ntmarta.dll

dbghelp: loaded successfully - version: 4.0.5 - missing functions: none
symbol engine: initialized successfully - sym options: 0x614 - pdb path: .;C:\Program Files\Java\jdk-18.0.2.1\bin;C:\WINDOWS\SYSTEM32;C:\Program Files\Avast Software\Avast;C:\WINDOWS\WinSxS\amd64_microsoft.windows.common-controls_6595b64144ccf1df_6.0.22000.120_none_9d947278b86cc467;C:\Program Files\Java\jdk-18.0.2.1\bin\server;C:\WINDOWS\System32\DriverStore\FileRepository\u0378899.inf_amd64_1040d414383f3dc2\B377184

VM Arguments:
jvm_args: -Dfile.encoding=UTF-8 -XX:+ShowCodeDetailsInExceptionMessages 
java_command: MenentukanBilangan
java_class_path (initial): C:\Users\melani\eclipse-workspace\Praktikum_02_Selection_Repetition\bin;C:\Users\melani\Downloads\swt-4.25-win32-win32-x86_64.zip
Launcher Type: SUN_STANDARD

[Global flags]
     intx CICompilerCount                          = 3                                         {product} {ergonomic}
     uint ConcGCThreads                            = 1                                         {product} {ergonomic}
     uint G1ConcRefinementThreads                  = 4                                         {product} {ergonomic}
   size_t G1HeapRegionSize                         = 1048576                                   {product} {ergonomic}
    uintx GCDrainStackTargetSize                   = 64                                        {product} {ergonomic}
   size_t InitialHeapSize                          = 100663296                                 {product} {ergonomic}
   size_t MarkStackSize                            = 4194304                                   {product} {ergonomic}
   size_t MaxHeapSize                              = 1579155456                                {product} {ergonomic}
   size_t MaxNewSize                               = 946864128                                 {product} {ergonomic}
   size_t MinHeapDeltaBytes                        = 1048576                                   {product} {ergonomic}
   size_t MinHeapSize                              = 8388608                                   {product} {ergonomic}
    uintx NonNMethodCodeHeapSize                   = 5832780                                {pd product} {ergonomic}
    uintx NonProfiledCodeHeapSize                  = 122912730                              {pd product} {ergonomic}
    uintx ProfiledCodeHeapSize                     = 122912730                              {pd product} {ergonomic}
    uintx ReservedCodeCacheSize                    = 251658240                              {pd product} {ergonomic}
     bool SegmentedCodeCache                       = true                                      {product} {ergonomic}
     bool ShowCodeDetailsInExceptionMessages       = true                                   {manageable} {command line}
   size_t SoftMaxHeapSize                          = 1579155456                             {manageable} {ergonomic}
     bool UseCompressedClassPointers               = true                           {product lp64_product} {ergonomic}
     bool UseCompressedOops                        = true                           {product lp64_product} {ergonomic}
     bool UseG1GC                                  = true                                      {product} {ergonomic}
     bool UseLargePagesIndividualAllocation        = false                                  {pd product} {ergonomic}

Logging:
Log output configuration:
 #0: stdout all=warning uptime,level,tags foldmultilines=false
 #1: stderr all=off uptime,level,tags foldmultilines=false

Environment Variables:
PATH=C:/Program Files/Java/jdk-18.0.2.1/bin/server;C:/Program Files/Java/jdk-18.0.2.1/bin;C:\Program Files\Common Files\Oracle\Java\javapath;C:\WINDOWS\system32;C:\WINDOWS;C:\WINDOWS\System32\Wbem;C:\WINDOWS\System32\WindowsPowerShell\v1.0\;C:\WINDOWS\System32\OpenSSH\;C:\Users\melani\AppData\Local\Microsoft\WindowsApps;C:\Users\melani\AppData\Local\Programs\Microsoft VS Code\bin;C:\Users\melani\AppData\Local\atom\bin;C:\Users\melani\OneDrive\Desktop;
USERNAME=melani
OS=Windows_NT
PROCESSOR_IDENTIFIER=AMD64 Family 23 Model 24 Stepping 1, AuthenticAMD



---------------  S Y S T E M  ---------------

OS:
 Windows 11 , 64 bit Build 22000 (10.0.22000.708)
OS uptime: 2 days 5:46 hours

CPU: total 4 (initial active 4) (4 cores per cpu, 2 threads per core) family 23 model 24 stepping 1 microcode 0x0, cx8, cmov, fxsr, ht, mmx, 3dnowpref, sse, sse2, sse3, ssse3, sse4a, sse4.1, sse4.2, popcnt, lzcnt, tsc, tscinvbit, avx, avx2, aes, clmul, bmi1, bmi2, adx, sha, fma, vzeroupper, clflush, clflushopt

Memory: 4k page, system-wide physical 6023M (367M free)
TotalPageFile size 24455M (AvailPageFile size 1M)
current process WorkingSet (physical memory assigned to process): 56M, peak: 56M
current process commit charge ("private bytes"): 191M, peak: 191M

vm_info: Java HotSpot(TM) 64-Bit Server VM (18.0.2.1+1-1) for windows-amd64 JRE (18.0.2.1+1-1), built on Aug 16 2022 01:46:33 by "mach5one" with MS VC++ 16.8 / 16.9 (VS2019)

END.
